<?xml version="1.0" encoding="UTF-8"?>
<!-- Generated by org.testng.reporters.JUnitReportReporter -->
<testsuite skipped="0" hostname="LAPTOP-6QNGAEU6" name="runners.PositiveTest" tests="1" failures="0" timestamp="26 Nov 2018 13:43:52 GMT" time="12.422" errors="1">
  <testcase name="feature" time="12.422" classname="runners.PositiveTest">
    <error type="cucumber.runtime.CucumberException" message="java.lang.StackOverflowError">
      <![CDATA[cucumber.runtime.CucumberException: java.lang.StackOverflowError
at cucumber.api.testng.TestNGCucumberRunner.runCucumber(TestNGCucumberRunner.java:69)
at cucumber.api.testng.AbstractTestNGCucumberTests.feature(AbstractTestNGCucumberTests.java:21)
at sun.reflect.NativeMethodAccessorImpl.invoke0(Native Method)
at sun.reflect.NativeMethodAccessorImpl.invoke(Unknown Source)
at sun.reflect.DelegatingMethodAccessorImpl.invoke(Unknown Source)
at java.lang.reflect.Method.invoke(Unknown Source)
at org.testng.internal.MethodInvocationHelper.invokeMethod(MethodInvocationHelper.java:124)
at org.testng.internal.Invoker.invokeMethod(Invoker.java:583)
at org.testng.internal.Invoker.invokeTestMethod(Invoker.java:719)
at org.testng.internal.Invoker.invokeTestMethods(Invoker.java:989)
at org.testng.internal.TestMethodWorker.invokeTestMethods(TestMethodWorker.java:125)
at org.testng.internal.TestMethodWorker.run(TestMethodWorker.java:109)
at org.testng.TestRunner.privateRun(TestRunner.java:648)
at org.testng.TestRunner.run(TestRunner.java:505)
at org.testng.SuiteRunner.runTest(SuiteRunner.java:455)
at org.testng.SuiteRunner.runSequentially(SuiteRunner.java:450)
at org.testng.SuiteRunner.privateRun(SuiteRunner.java:415)
at org.testng.SuiteRunner.run(SuiteRunner.java:364)
at org.testng.SuiteRunnerWorker.runSuite(SuiteRunnerWorker.java:52)
at org.testng.SuiteRunnerWorker.run(SuiteRunnerWorker.java:84)
at org.testng.TestNG.runSuitesSequentially(TestNG.java:1208)
at org.testng.TestNG.runSuitesLocally(TestNG.java:1137)
at org.testng.TestNG.runSuites(TestNG.java:1049)
at org.testng.TestNG.run(TestNG.java:1017)
at org.testng.remote.AbstractRemoteTestNG.run(AbstractRemoteTestNG.java:114)
at org.testng.remote.RemoteTestNG.initAndRun(RemoteTestNG.java:251)
at org.testng.remote.RemoteTestNG.main(RemoteTestNG.java:77)
Caused by: java.lang.StackOverflowError
at pages.actions.CarsGuideHomePageActions.<init>(CarsGuideHomePageActions.java:15)
at pages.actions.CarsGuideHomePageActions.<init>(CarsGuideHomePageActions.java:15)
at pages.actions.CarsGuideHomePageActions.<init>(CarsGuideHomePageActions.java:15)
at pages.actions.CarsGuideHomePageActions.<init>(CarsGuideHomePageActions.java:15)
at pages.actions.CarsGuideHomePageActions.<init>(CarsGuideHomePageActions.java:15)
at pages.actions.CarsGuideHomePageActions.<init>(CarsGuideHomePageActions.java:15)
at pages.actions.CarsGuideHomePageActions.<init>(CarsGuideHomePageActions.java:15)
at pages.actions.CarsGuideHomePageActions.<init>(CarsGuideHomePageActions.java:15)
at pages.actions.CarsGuideHomePageActions.<init>(CarsGuideHomePageActions.java:15)
at pages.actions.CarsGuideHomePageActions.<init>(CarsGuideHomePageActions.java:15)
at pages.actions.CarsGuideHomePageActions.<init>(CarsGuideHomePageActions.java:15)
at pages.actions.CarsGuideHomePageActions.<init>(CarsGuideHomePageActions.java:15)
at pages.actions.CarsGuideHomePageActions.<init>(CarsGuideHomePageActions.java:15)
at pages.actions.CarsGuideHomePageActions.<init>(CarsGuideHomePageActions.java:15)
at pages.actions.CarsGuideHomePageActions.<init>(CarsGuideHomePageActions.java:15)
at pages.actions.CarsGuideHomePageActions.<init>(CarsGuideHomePageActions.java:15)
at pages.actions.CarsGuideHomePageActions.<init>(CarsGuideHomePageActions.java:15)
at pages.actions.CarsGuideHomePageActions.<init>(CarsGuideHomePageActions.java:15)
at pages.actions.CarsGuideHomePageActions.<init>(CarsGuideHomePageActions.java:15)
at pages.actions.CarsGuideHomePageActions.<init>(CarsGuideHomePageActions.java:15)
at pages.actions.CarsGuideHomePageActions.<init>(CarsGuideHomePageActions.java:15)
at pages.actions.CarsGuideHomePageActions.<init>(CarsGuideHomePageActions.java:15)
at pages.actions.CarsGuideHomePageActions.<init>(CarsGuideHomePageActions.java:15)
at pages.actions.CarsGuideHomePageActions.<init>(CarsGuideHomePageActions.java:15)
at pages.actions.CarsGuideHomePageActions.<init>(CarsGuideHomePageActions.java:15)
at pages.actions.CarsGuideHomePageActions.<init>(CarsGuideHomePageActions.java:15)
at pages.actions.CarsGuideHomePageActions.<init>(CarsGuideHomePageActions.java:15)
at pages.actions.CarsGuideHomePageActions.<init>(CarsGuideHomePageActions.java:15)
at pages.actions.CarsGuideHomePageActions.<init>(CarsGuideHomePageActions.java:15)
at pages.actions.CarsGuideHomePageActions.<init>(CarsGuideHomePageActions.java:15)
at pages.actions.CarsGuideHomePageActions.<init>(CarsGuideHomePageActions.java:15)
at pages.actions.CarsGuideHomePageActions.<init>(CarsGuideHomePageActions.java:15)
at pages.actions.CarsGuideHomePageActions.<init>(CarsGuideHomePageActions.java:15)
at pages.actions.CarsGuideHomePageActions.<init>(CarsGuideHomePageActions.java:15)
at pages.actions.CarsGuideHomePageActions.<init>(CarsGuideHomePageActions.java:15)
at pages.actions.CarsGuideHomePageActions.<init>(CarsGuideHomePageActions.java:15)
at pages.actions.CarsGuideHomePageActions.<init>(CarsGuideHomePageActions.java:15)
at pages.actions.CarsGuideHomePageActions.<init>(CarsGuideHomePageActions.java:15)
at pages.actions.CarsGuideHomePageActions.<init>(CarsGuideHomePageActions.java:15)
at pages.actions.CarsGuideHomePageActions.<init>(CarsGuideHomePageActions.java:15)
at pages.actions.CarsGuideHomePageActions.<init>(CarsGuideHomePageActions.java:15)
at pages.actions.CarsGuideHomePageActions.<init>(CarsGuideHomePageActions.java:15)
at pages.actions.CarsGuideHomePageActions.<init>(CarsGuideHomePageActions.java:15)
at pages.actions.CarsGuideHomePageActions.<init>(CarsGuideHomePageActions.java:15)
at pages.actions.CarsGuideHomePageActions.<init>(CarsGuideHomePageActions.java:15)
at pages.actions.CarsGuideHomePageActions.<init>(CarsGuideHomePageActions.java:15)
at pages.actions.CarsGuideHomePageActions.<init>(CarsGuideHomePageActions.java:15)
at pages.actions.CarsGuideHomePageActions.<init>(CarsGuideHomePageActions.java:15)
at pages.actions.CarsGuideHomePageActions.<init>(CarsGuideHomePageActions.java:15)
at pages.actions.CarsGuideHomePageActions.<init>(CarsGuideHomePageActions.java:15)
at pages.actions.CarsGuideHomePageActions.<init>(CarsGuideHomePageActions.java:15)
at pages.actions.CarsGuideHomePageActions.<init>(CarsGuideHomePageActions.java:15)
at pages.actions.CarsGuideHomePageActions.<init>(CarsGuideHomePageActions.java:15)
at pages.actions.CarsGuideHomePageActions.<init>(CarsGuideHomePageActions.java:15)
at pages.actions.CarsGuideHomePageActions.<init>(CarsGuideHomePageActions.java:15)
at pages.actions.CarsGuideHomePageActions.<init>(CarsGuideHomePageActions.java:15)
at pages.actions.CarsGuideHomePageActions.<init>(CarsGuideHomePageActions.java:15)
at pages.actions.CarsGuideHomePageActions.<init>(CarsGuideHomePageActions.java:15)
at pages.actions.CarsGuideHomePageActions.<init>(CarsGuideHomePageActions.java:15)
at pages.actions.CarsGuideHomePageActions.<init>(CarsGuideHomePageActions.java:15)
at pages.actions.CarsGuideHomePageActions.<init>(CarsGuideHomePageActions.java:15)
at pages.actions.CarsGuideHomePageActions.<init>(CarsGuideHomePageActions.java:15)
at pages.actions.CarsGuideHomePageActions.<init>(CarsGuideHomePageActions.java:15)
at pages.actions.CarsGuideHomePageActions.<init>(CarsGuideHomePageActions.java:15)
at pages.actions.CarsGuideHomePageActions.<init>(CarsGuideHomePageActions.java:15)
at pages.actions.CarsGuideHomePageActions.<init>(CarsGuideHomePageActions.java:15)
at pages.actions.CarsGuideHomePageActions.<init>(CarsGuideHomePageActions.java:15)
at pages.actions.CarsGuideHomePageActions.<init>(CarsGuideHomePageActions.java:15)
at pages.actions.CarsGuideHomePageActions.<init>(CarsGuideHomePageActions.java:15)
at pages.actions.CarsGuideHomePageActions.<init>(CarsGuideHomePageActions.java:15)
at pages.actions.CarsGuideHomePageActions.<init>(CarsGuideHomePageActions.java:15)
at pages.actions.CarsGuideHomePageActions.<init>(CarsGuideHomePageActions.java:15)
at pages.actions.CarsGuideHomePageActions.<init>(CarsGuideHomePageActions.java:15)
at pages.actions.CarsGuideHomePageActions.<init>(CarsGuideHomePageActions.java:15)
at pages.actions.CarsGuideHomePageActions.<init>(CarsGuideHomePageActions.java:15)
at pages.actions.CarsGuideHomePageActions.<init>(CarsGuideHomePageActions.java:15)
at pages.actions.CarsGuideHomePageActions.<init>(CarsGuideHomePageActions.java:15)
at pages.actions.CarsGuideHomePageActions.<init>(CarsGuideHomePageActions.java:15)
at pages.actions.CarsGuideHomePageActions.<init>(CarsGuideHomePageActions.java:15)
at pages.actions.CarsGuideHomePageActions.<init>(CarsGuideHomePageActions.java:15)
at pages.actions.CarsGuideHomePageActions.<init>(CarsGuideHomePageActions.java:15)
at pages.actions.CarsGuideHomePageActions.<init>(CarsGuideHomePageActions.java:15)
at pages.actions.CarsGuideHomePageActions.<init>(CarsGuideHomePageActions.java:15)
at pages.actions.CarsGuideHomePageActions.<init>(CarsGuideHomePageActions.java:15)
at pages.actions.CarsGuideHomePageActions.<init>(CarsGuideHomePageActions.java:15)
at pages.actions.CarsGuideHomePageActions.<init>(CarsGuideHomePageActions.java:15)
at pages.actions.CarsGuideHomePageActions.<init>(CarsGuideHomePageActions.java:15)
at pages.actions.CarsGuideHomePageActions.<init>(CarsGuideHomePageActions.java:15)
at pages.actions.CarsGuideHomePageActions.<init>(CarsGuideHomePageActions.java:15)
at pages.actions.CarsGuideHomePageActions.<init>(CarsGuideHomePageActions.java:15)
at pages.actions.CarsGuideHomePageActions.<init>(CarsGuideHomePageActions.java:15)
at pages.actions.CarsGuideHomePageActions.<init>(CarsGuideHomePageActions.java:15)
at pages.actions.CarsGuideHomePageActions.<init>(CarsGuideHomePageActions.java:15)
at pages.actions.CarsGuideHomePageActions.<init>(CarsGuideHomePageActions.java:15)
at pages.actions.CarsGuideHomePageActions.<init>(CarsGuideHomePageActions.java:15)
at pages.actions.CarsGuideHomePageActions.<init>(CarsGuideHomePageActions.java:15)
at pages.actions.CarsGuideHomePageActions.<init>(CarsGuideHomePageActions.java:15)
at pages.actions.CarsGuideHomePageActions.<init>(CarsGuideHomePageActions.java:15)
at pages.actions.CarsGuideHomePageActions.<init>(CarsGuideHomePageActions.java:15)
at pages.actions.CarsGuideHomePageActions.<init>(CarsGuideHomePageActions.java:15)
at pages.actions.CarsGuideHomePageActions.<init>(CarsGuideHomePageActions.java:15)
at pages.actions.CarsGuideHomePageActions.<init>(CarsGuideHomePageActions.java:15)
at pages.actions.CarsGuideHomePageActions.<init>(CarsGuideHomePageActions.java:15)
at pages.actions.CarsGuideHomePageActions.<init>(CarsGuideHomePageActions.java:15)
at pages.actions.CarsGuideHomePageActions.<init>(CarsGuideHomePageActions.java:15)
at pages.actions.CarsGuideHomePageActions.<init>(CarsGuideHomePageActions.java:15)
at pages.actions.CarsGuideHomePageActions.<init>(CarsGuideHomePageActions.java:15)
at pages.actions.CarsGuideHomePageActions.<init>(CarsGuideHomePageActions.java:15)
at pages.actions.CarsGuideHomePageActions.<init>(CarsGuideHomePageActions.java:15)
at pages.actions.CarsGuideHomePageActions.<init>(CarsGuideHomePageActions.java:15)
at pages.actions.CarsGuideHomePageActions.<init>(CarsGuideHomePageActions.java:15)
at pages.actions.CarsGuideHomePageActions.<init>(CarsGuideHomePageActions.java:15)
at pages.actions.CarsGuideHomePageActions.<init>(CarsGuideHomePageActions.java:15)
at pages.actions.CarsGuideHomePageActions.<init>(CarsGuideHomePageActions.java:15)
at pages.actions.CarsGuideHomePageActions.<init>(CarsGuideHomePageActions.java:15)
at pages.actions.CarsGuideHomePageActions.<init>(CarsGuideHomePageActions.java:15)
at pages.actions.CarsGuideHomePageActions.<init>(CarsGuideHomePageActions.java:15)
at pages.actions.CarsGuideHomePageActions.<init>(CarsGuideHomePageActions.java:15)
at pages.actions.CarsGuideHomePageActions.<init>(CarsGuideHomePageActions.java:15)
at pages.actions.CarsGuideHomePageActions.<init>(CarsGuideHomePageActions.java:15)
at pages.actions.CarsGuideHomePageActions.<init>(CarsGuideHomePageActions.java:15)
at pages.actions.CarsGuideHomePageActions.<init>(CarsGuideHomePageActions.java:15)
at pages.actions.CarsGuideHomePageActions.<init>(CarsGuideHomePageActions.java:15)
at pages.actions.CarsGuideHomePageActions.<init>(CarsGuideHomePageActions.java:15)
at pages.actions.CarsGuideHomePageActions.<init>(CarsGuideHomePageActions.java:15)
at pages.actions.CarsGuideHomePageActions.<init>(CarsGuideHomePageActions.java:15)
at pages.actions.CarsGuideHomePageActions.<init>(CarsGuideHomePageActions.java:15)
at pages.actions.CarsGuideHomePageActions.<init>(CarsGuideHomePageActions.java:15)
at pages.actions.CarsGuideHomePageActions.<init>(CarsGuideHomePageActions.java:15)
at pages.actions.CarsGuideHomePageActions.<init>(CarsGuideHomePageActions.java:15)
at pages.actions.CarsGuideHomePageActions.<init>(CarsGuideHomePageActions.java:15)
at pages.actions.CarsGuideHomePageActions.<init>(CarsGuideHomePageActions.java:15)
at pages.actions.CarsGuideHomePageActions.<init>(CarsGuideHomePageActions.java:15)
at pages.actions.CarsGuideHomePageActions.<init>(CarsGuideHomePageActions.java:15)
at pages.actions.CarsGuideHomePageActions.<init>(CarsGuideHomePageActions.java:15)
at pages.actions.CarsGuideHomePageActions.<init>(CarsGuideHomePageActions.java:15)
at pages.actions.CarsGuideHomePageActions.<init>(CarsGuideHomePageActions.java:15)
at pages.actions.CarsGuideHomePageActions.<init>(CarsGuideHomePageActions.java:15)
at pages.actions.CarsGuideHomePageActions.<init>(CarsGuideHomePageActions.java:15)
at pages.actions.CarsGuideHomePageActions.<init>(CarsGuideHomePageActions.java:15)
at pages.actions.CarsGuideHomePageActions.<init>(CarsGuideHomePageActions.java:15)
at pages.actions.CarsGuideHomePageActions.<init>(CarsGuideHomePageActions.java:15)
at pages.actions.CarsGuideHomePageActions.<init>(CarsGuideHomePageActions.java:15)
at pages.actions.CarsGuideHomePageActions.<init>(CarsGuideHomePageActions.java:15)
at pages.actions.CarsGuideHomePageActions.<init>(CarsGuideHomePageActions.java:15)
at pages.actions.CarsGuideHomePageActions.<init>(CarsGuideHomePageActions.java:15)
at pages.actions.CarsGuideHomePageActions.<init>(CarsGuideHomePageActions.java:15)
at pages.actions.CarsGuideHomePageActions.<init>(CarsGuideHomePageActions.java:15)
at pages.actions.CarsGuideHomePageActions.<init>(CarsGuideHomePageActions.java:15)
at pages.actions.CarsGuideHomePageActions.<init>(CarsGuideHomePageActions.java:15)
at pages.actions.CarsGuideHomePageActions.<init>(CarsGuideHomePageActions.java:15)
at pages.actions.CarsGuideHomePageActions.<init>(CarsGuideHomePageActions.java:15)
at pages.actions.CarsGuideHomePageActions.<init>(CarsGuideHomePageActions.java:15)
at pages.actions.CarsGuideHomePageActions.<init>(CarsGuideHomePageActions.java:15)
at pages.actions.CarsGuideHomePageActions.<init>(CarsGuideHomePageActions.java:15)
at pages.actions.CarsGuideHomePageActions.<init>(CarsGuideHomePageActions.java:15)
at pages.actions.CarsGuideHomePageActions.<init>(CarsGuideHomePageActions.java:15)
at pages.actions.CarsGuideHomePageActions.<init>(CarsGuideHomePageActions.java:15)
at pages.actions.CarsGuideHomePageActions.<init>(CarsGuideHomePageActions.java:15)
at pages.actions.CarsGuideHomePageActions.<init>(CarsGuideHomePageActions.java:15)
at pages.actions.CarsGuideHomePageActions.<init>(CarsGuideHomePageActions.java:15)
at pages.actions.CarsGuideHomePageActions.<init>(CarsGuideHomePageActions.java:15)
at pages.actions.CarsGuideHomePageActions.<init>(CarsGuideHomePageActions.java:15)
at pages.actions.CarsGuideHomePageActions.<init>(CarsGuideHomePageActions.java:15)
at pages.actions.CarsGuideHomePageActions.<init>(CarsGuideHomePageActions.java:15)
at pages.actions.CarsGuideHomePageActions.<init>(CarsGuideHomePageActions.java:15)
at pages.actions.CarsGuideHomePageActions.<init>(CarsGuideHomePageActions.java:15)
at pages.actions.CarsGuideHomePageActions.<init>(CarsGuideHomePageActions.java:15)
at pages.actions.CarsGuideHomePageActions.<init>(CarsGuideHomePageActions.java:15)
at pages.actions.CarsGuideHomePageActions.<init>(CarsGuideHomePageActions.java:15)
at pages.actions.CarsGuideHomePageActions.<init>(CarsGuideHomePageActions.java:15)
at pages.actions.CarsGuideHomePageActions.<init>(CarsGuideHomePageActions.java:15)
at pages.actions.CarsGuideHomePageActions.<init>(CarsGuideHomePageActions.java:15)
at pages.actions.CarsGuideHomePageActions.<init>(CarsGuideHomePageActions.java:15)
at pages.actions.CarsGuideHomePageActions.<init>(CarsGuideHomePageActions.java:15)
at pages.actions.CarsGuideHomePageActions.<init>(CarsGuideHomePageActions.java:15)
at pages.actions.CarsGuideHomePageActions.<init>(CarsGuideHomePageActions.java:15)
at pages.actions.CarsGuideHomePageActions.<init>(CarsGuideHomePageActions.java:15)
at pages.actions.CarsGuideHomePageActions.<init>(CarsGuideHomePageActions.java:15)
at pages.actions.CarsGuideHomePageActions.<init>(CarsGuideHomePageActions.java:15)
at pages.actions.CarsGuideHomePageActions.<init>(CarsGuideHomePageActions.java:15)
at pages.actions.CarsGuideHomePageActions.<init>(CarsGuideHomePageActions.java:15)
at pages.actions.CarsGuideHomePageActions.<init>(CarsGuideHomePageActions.java:15)
at pages.actions.CarsGuideHomePageActions.<init>(CarsGuideHomePageActions.java:15)
at pages.actions.CarsGuideHomePageActions.<init>(CarsGuideHomePageActions.java:15)
at pages.actions.CarsGuideHomePageActions.<init>(CarsGuideHomePageActions.java:15)
at pages.actions.CarsGuideHomePageActions.<init>(CarsGuideHomePageActions.java:15)
at pages.actions.CarsGuideHomePageActions.<init>(CarsGuideHomePageActions.java:15)
at pages.actions.CarsGuideHomePageActions.<init>(CarsGuideHomePageActions.java:15)
at pages.actions.CarsGuideHomePageActions.<init>(CarsGuideHomePageActions.java:15)
at pages.actions.CarsGuideHomePageActions.<init>(CarsGuideHomePageActions.java:15)
at pages.actions.CarsGuideHomePageActions.<init>(CarsGuideHomePageActions.java:15)
at pages.actions.CarsGuideHomePageActions.<init>(CarsGuideHomePageActions.java:15)
at pages.actions.CarsGuideHomePageActions.<init>(CarsGuideHomePageActions.java:15)
at pages.actions.CarsGuideHomePageActions.<init>(CarsGuideHomePageActions.java:15)
at pages.actions.CarsGuideHomePageActions.<init>(CarsGuideHomePageActions.java:15)
at pages.actions.CarsGuideHomePageActions.<init>(CarsGuideHomePageActions.java:15)
at pages.actions.CarsGuideHomePageActions.<init>(CarsGuideHomePageActions.java:15)
at pages.actions.CarsGuideHomePageActions.<init>(CarsGuideHomePageActions.java:15)
at pages.actions.CarsGuideHomePageActions.<init>(CarsGuideHomePageActions.java:15)
at pages.actions.CarsGuideHomePageActions.<init>(CarsGuideHomePageActions.java:15)
at pages.actions.CarsGuideHomePageActions.<init>(CarsGuideHomePageActions.java:15)
at pages.actions.CarsGuideHomePageActions.<init>(CarsGuideHomePageActions.java:15)
at pages.actions.CarsGuideHomePageActions.<init>(CarsGuideHomePageActions.java:15)
at pages.actions.CarsGuideHomePageActions.<init>(CarsGuideHomePageActions.java:15)
at pages.actions.CarsGuideHomePageActions.<init>(CarsGuideHomePageActions.java:15)
at pages.actions.CarsGuideHomePageActions.<init>(CarsGuideHomePageActions.java:15)
at pages.actions.CarsGuideHomePageActions.<init>(CarsGuideHomePageActions.java:15)
at pages.actions.CarsGuideHomePageActions.<init>(CarsGuideHomePageActions.java:15)
at pages.actions.CarsGuideHomePageActions.<init>(CarsGuideHomePageActions.java:15)
at pages.actions.CarsGuideHomePageActions.<init>(CarsGuideHomePageActions.java:15)
at pages.actions.CarsGuideHomePageActions.<init>(CarsGuideHomePageActions.java:15)
at pages.actions.CarsGuideHomePageActions.<init>(CarsGuideHomePageActions.java:15)
at pages.actions.CarsGuideHomePageActions.<init>(CarsGuideHomePageActions.java:15)
at pages.actions.CarsGuideHomePageActions.<init>(CarsGuideHomePageActions.java:15)
at pages.actions.CarsGuideHomePageActions.<init>(CarsGuideHomePageActions.java:15)
at pages.actions.CarsGuideHomePageActions.<init>(CarsGuideHomePageActions.java:15)
at pages.actions.CarsGuideHomePageActions.<init>(CarsGuideHomePageActions.java:15)
at pages.actions.CarsGuideHomePageActions.<init>(CarsGuideHomePageActions.java:15)
at pages.actions.CarsGuideHomePageActions.<init>(CarsGuideHomePageActions.java:15)
at pages.actions.CarsGuideHomePageActions.<init>(CarsGuideHomePageActions.java:15)
at pages.actions.CarsGuideHomePageActions.<init>(CarsGuideHomePageActions.java:15)
at pages.actions.CarsGuideHomePageActions.<init>(CarsGuideHomePageActions.java:15)
at pages.actions.CarsGuideHomePageActions.<init>(CarsGuideHomePageActions.java:15)
at pages.actions.CarsGuideHomePageActions.<init>(CarsGuideHomePageActions.java:15)
at pages.actions.CarsGuideHomePageActions.<init>(CarsGuideHomePageActions.java:15)
at pages.actions.CarsGuideHomePageActions.<init>(CarsGuideHomePageActions.java:15)
at pages.actions.CarsGuideHomePageActions.<init>(CarsGuideHomePageActions.java:15)
at pages.actions.CarsGuideHomePageActions.<init>(CarsGuideHomePageActions.java:15)
at pages.actions.CarsGuideHomePageActions.<init>(CarsGuideHomePageActions.java:15)
at pages.actions.CarsGuideHomePageActions.<init>(CarsGuideHomePageActions.java:15)
at pages.actions.CarsGuideHomePageActions.<init>(CarsGuideHomePageActions.java:15)
at pages.actions.CarsGuideHomePageActions.<init>(CarsGuideHomePageActions.java:15)
at pages.actions.CarsGuideHomePageActions.<init>(CarsGuideHomePageActions.java:15)
at pages.actions.CarsGuideHomePageActions.<init>(CarsGuideHomePageActions.java:15)
at pages.actions.CarsGuideHomePageActions.<init>(CarsGuideHomePageActions.java:15)
at pages.actions.CarsGuideHomePageActions.<init>(CarsGuideHomePageActions.java:15)
at pages.actions.CarsGuideHomePageActions.<init>(CarsGuideHomePageActions.java:15)
at pages.actions.CarsGuideHomePageActions.<init>(CarsGuideHomePageActions.java:15)
at pages.actions.CarsGuideHomePageActions.<init>(CarsGuideHomePageActions.java:15)
at pages.actions.CarsGuideHomePageActions.<init>(CarsGuideHomePageActions.java:15)
at pages.actions.CarsGuideHomePageActions.<init>(CarsGuideHomePageActions.java:15)
at pages.actions.CarsGuideHomePageActions.<init>(CarsGuideHomePageActions.java:15)
at pages.actions.CarsGuideHomePageActions.<init>(CarsGuideHomePageActions.java:15)
at pages.actions.CarsGuideHomePageActions.<init>(CarsGuideHomePageActions.java:15)
at pages.actions.CarsGuideHomePageActions.<init>(CarsGuideHomePageActions.java:15)
at pages.actions.CarsGuideHomePageActions.<init>(CarsGuideHomePageActions.java:15)
at pages.actions.CarsGuideHomePageActions.<init>(CarsGuideHomePageActions.java:15)
at pages.actions.CarsGuideHomePageActions.<init>(CarsGuideHomePageActions.java:15)
at pages.actions.CarsGuideHomePageActions.<init>(CarsGuideHomePageActions.java:15)
at pages.actions.CarsGuideHomePageActions.<init>(CarsGuideHomePageActions.java:15)
at pages.actions.CarsGuideHomePageActions.<init>(CarsGuideHomePageActions.java:15)
at pages.actions.CarsGuideHomePageActions.<init>(CarsGuideHomePageActions.java:15)
at pages.actions.CarsGuideHomePageActions.<init>(CarsGuideHomePageActions.java:15)
at pages.actions.CarsGuideHomePageActions.<init>(CarsGuideHomePageActions.java:15)
at pages.actions.CarsGuideHomePageActions.<init>(CarsGuideHomePageActions.java:15)
at pages.actions.CarsGuideHomePageActions.<init>(CarsGuideHomePageActions.java:15)
at pages.actions.CarsGuideHomePageActions.<init>(CarsGuideHomePageActions.java:15)
at pages.actions.CarsGuideHomePageActions.<init>(CarsGuideHomePageActions.java:15)
at pages.actions.CarsGuideHomePageActions.<init>(CarsGuideHomePageActions.java:15)
at pages.actions.CarsGuideHomePageActions.<init>(CarsGuideHomePageActions.java:15)
at pages.actions.CarsGuideHomePageActions.<init>(CarsGuideHomePageActions.java:15)
at pages.actions.CarsGuideHomePageActions.<init>(CarsGuideHomePageActions.java:15)
at pages.actions.CarsGuideHomePageActions.<init>(CarsGuideHomePageActions.java:15)
at pages.actions.CarsGuideHomePageActions.<init>(CarsGuideHomePageActions.java:15)
at pages.actions.CarsGuideHomePageActions.<init>(CarsGuideHomePageActions.java:15)
at pages.actions.CarsGuideHomePageActions.<init>(CarsGuideHomePageActions.java:15)
at pages.actions.CarsGuideHomePageActions.<init>(CarsGuideHomePageActions.java:15)
at pages.actions.CarsGuideHomePageActions.<init>(CarsGuideHomePageActions.java:15)
at pages.actions.CarsGuideHomePageActions.<init>(CarsGuideHomePageActions.java:15)
at pages.actions.CarsGuideHomePageActions.<init>(CarsGuideHomePageActions.java:15)
at pages.actions.CarsGuideHomePageActions.<init>(CarsGuideHomePageActions.java:15)
at pages.actions.CarsGuideHomePageActions.<init>(CarsGuideHomePageActions.java:15)
at pages.actions.CarsGuideHomePageActions.<init>(CarsGuideHomePageActions.java:15)
at pages.actions.CarsGuideHomePageActions.<init>(CarsGuideHomePageActions.java:15)
at pages.actions.CarsGuideHomePageActions.<init>(CarsGuideHomePageActions.java:15)
at pages.actions.CarsGuideHomePageActions.<init>(CarsGuideHomePageActions.java:15)
at pages.actions.CarsGuideHomePageActions.<init>(CarsGuideHomePageActions.java:15)
at pages.actions.CarsGuideHomePageActions.<init>(CarsGuideHomePageActions.java:15)
at pages.actions.CarsGuideHomePageActions.<init>(CarsGuideHomePageActions.java:15)
at pages.actions.CarsGuideHomePageActions.<init>(CarsGuideHomePageActions.java:15)
at pages.actions.CarsGuideHomePageActions.<init>(CarsGuideHomePageActions.java:15)
at pages.actions.CarsGuideHomePageActions.<init>(CarsGuideHomePageActions.java:15)
at pages.actions.CarsGuideHomePageActions.<init>(CarsGuideHomePageActions.java:15)
at pages.actions.CarsGuideHomePageActions.<init>(CarsGuideHomePageActions.java:15)
at pages.actions.CarsGuideHomePageActions.<init>(CarsGuideHomePageActions.java:15)
at pages.actions.CarsGuideHomePageActions.<init>(CarsGuideHomePageActions.java:15)
at pages.actions.CarsGuideHomePageActions.<init>(CarsGuideHomePageActions.java:15)
at pages.actions.CarsGuideHomePageActions.<init>(CarsGuideHomePageActions.java:15)
at pages.actions.CarsGuideHomePageActions.<init>(CarsGuideHomePageActions.java:15)
at pages.actions.CarsGuideHomePageActions.<init>(CarsGuideHomePageActions.java:15)
at pages.actions.CarsGuideHomePageActions.<init>(CarsGuideHomePageActions.java:15)
at pages.actions.CarsGuideHomePageActions.<init>(CarsGuideHomePageActions.java:15)
at pages.actions.CarsGuideHomePageActions.<init>(CarsGuideHomePageActions.java:15)
at pages.actions.CarsGuideHomePageActions.<init>(CarsGuideHomePageActions.java:15)
at pages.actions.CarsGuideHomePageActions.<init>(CarsGuideHomePageActions.java:15)
at pages.actions.CarsGuideHomePageActions.<init>(CarsGuideHomePageActions.java:15)
at pages.actions.CarsGuideHomePageActions.<init>(CarsGuideHomePageActions.java:15)
at pages.actions.CarsGuideHomePageActions.<init>(CarsGuideHomePageActions.java:15)
at pages.actions.CarsGuideHomePageActions.<init>(CarsGuideHomePageActions.java:15)
at pages.actions.CarsGuideHomePageActions.<init>(CarsGuideHomePageActions.java:15)
at pages.actions.CarsGuideHomePageActions.<init>(CarsGuideHomePageActions.java:15)
at pages.actions.CarsGuideHomePageActions.<init>(CarsGuideHomePageActions.java:15)
at pages.actions.CarsGuideHomePageActions.<init>(CarsGuideHomePageActions.java:15)
at pages.actions.CarsGuideHomePageActions.<init>(CarsGuideHomePageActions.java:15)
at pages.actions.CarsGuideHomePageActions.<init>(CarsGuideHomePageActions.java:15)
at pages.actions.CarsGuideHomePageActions.<init>(CarsGuideHomePageActions.java:15)
at pages.actions.CarsGuideHomePageActions.<init>(CarsGuideHomePageActions.java:15)
at pages.actions.CarsGuideHomePageActions.<init>(CarsGuideHomePageActions.java:15)
at pages.actions.CarsGuideHomePageActions.<init>(CarsGuideHomePageActions.java:15)
at pages.actions.CarsGuideHomePageActions.<init>(CarsGuideHomePageActions.java:15)
at pages.actions.CarsGuideHomePageActions.<init>(CarsGuideHomePageActions.java:15)
at pages.actions.CarsGuideHomePageActions.<init>(CarsGuideHomePageActions.java:15)
at pages.actions.CarsGuideHomePageActions.<init>(CarsGuideHomePageActions.java:15)
at pages.actions.CarsGuideHomePageActions.<init>(CarsGuideHomePageActions.java:15)
at pages.actions.CarsGuideHomePageActions.<init>(CarsGuideHomePageActions.java:15)
at pages.actions.CarsGuideHomePageActions.<init>(CarsGuideHomePageActions.java:15)
at pages.actions.CarsGuideHomePageActions.<init>(CarsGuideHomePageActions.java:15)
at pages.actions.CarsGuideHomePageActions.<init>(CarsGuideHomePageActions.java:15)
at pages.actions.CarsGuideHomePageActions.<init>(CarsGuideHomePageActions.java:15)
at pages.actions.CarsGuideHomePageActions.<init>(CarsGuideHomePageActions.java:15)
at pages.actions.CarsGuideHomePageActions.<init>(CarsGuideHomePageActions.java:15)
at pages.actions.CarsGuideHomePageActions.<init>(CarsGuideHomePageActions.java:15)
at pages.actions.CarsGuideHomePageActions.<init>(CarsGuideHomePageActions.java:15)
at pages.actions.CarsGuideHomePageActions.<init>(CarsGuideHomePageActions.java:15)
at pages.actions.CarsGuideHomePageActions.<init>(CarsGuideHomePageActions.java:15)
at pages.actions.CarsGuideHomePageActions.<init>(CarsGuideHomePageActions.java:15)
at pages.actions.CarsGuideHomePageActions.<init>(CarsGuideHomePageActions.java:15)
at pages.actions.CarsGuideHomePageActions.<init>(CarsGuideHomePageActions.java:15)
at pages.actions.CarsGuideHomePageActions.<init>(CarsGuideHomePageActions.java:15)
at pages.actions.CarsGuideHomePageActions.<init>(CarsGuideHomePageActions.java:15)
at pages.actions.CarsGuideHomePageActions.<init>(CarsGuideHomePageActions.java:15)
at pages.actions.CarsGuideHomePageActions.<init>(CarsGuideHomePageActions.java:15)
at pages.actions.CarsGuideHomePageActions.<init>(CarsGuideHomePageActions.java:15)
at pages.actions.CarsGuideHomePageActions.<init>(CarsGuideHomePageActions.java:15)
at pages.actions.CarsGuideHomePageActions.<init>(CarsGuideHomePageActions.java:15)
at pages.actions.CarsGuideHomePageActions.<init>(CarsGuideHomePageActions.java:15)
at pages.actions.CarsGuideHomePageActions.<init>(CarsGuideHomePageActions.java:15)
at pages.actions.CarsGuideHomePageActions.<init>(CarsGuideHomePageActions.java:15)
at pages.actions.CarsGuideHomePageActions.<init>(CarsGuideHomePageActions.java:15)
at pages.actions.CarsGuideHomePageActions.<init>(CarsGuideHomePageActions.java:15)
at pages.actions.CarsGuideHomePageActions.<init>(CarsGuideHomePageActions.java:15)
at pages.actions.CarsGuideHomePageActions.<init>(CarsGuideHomePageActions.java:15)
at pages.actions.CarsGuideHomePageActions.<init>(CarsGuideHomePageActions.java:15)
at pages.actions.CarsGuideHomePageActions.<init>(CarsGuideHomePageActions.java:15)
at pages.actions.CarsGuideHomePageActions.<init>(CarsGuideHomePageActions.java:15)
at pages.actions.CarsGuideHomePageActions.<init>(CarsGuideHomePageActions.java:15)
at pages.actions.CarsGuideHomePageActions.<init>(CarsGuideHomePageActions.java:15)
at pages.actions.CarsGuideHomePageActions.<init>(CarsGuideHomePageActions.java:15)
at pages.actions.CarsGuideHomePageActions.<init>(CarsGuideHomePageActions.java:15)
at pages.actions.CarsGuideHomePageActions.<init>(CarsGuideHomePageActions.java:15)
at pages.actions.CarsGuideHomePageActions.<init>(CarsGuideHomePageActions.java:15)
at pages.actions.CarsGuideHomePageActions.<init>(CarsGuideHomePageActions.java:15)
at pages.actions.CarsGuideHomePageActions.<init>(CarsGuideHomePageActions.java:15)
at pages.actions.CarsGuideHomePageActions.<init>(CarsGuideHomePageActions.java:15)
at pages.actions.CarsGuideHomePageActions.<init>(CarsGuideHomePageActions.java:15)
at pages.actions.CarsGuideHomePageActions.<init>(CarsGuideHomePageActions.java:15)
at pages.actions.CarsGuideHomePageActions.<init>(CarsGuideHomePageActions.java:15)
at pages.actions.CarsGuideHomePageActions.<init>(CarsGuideHomePageActions.java:15)
at pages.actions.CarsGuideHomePageActions.<init>(CarsGuideHomePageActions.java:15)
at pages.actions.CarsGuideHomePageActions.<init>(CarsGuideHomePageActions.java:15)
at pages.actions.CarsGuideHomePageActions.<init>(CarsGuideHomePageActions.java:15)
at pages.actions.CarsGuideHomePageActions.<init>(CarsGuideHomePageActions.java:15)
at pages.actions.CarsGuideHomePageActions.<init>(CarsGuideHomePageActions.java:15)
at pages.actions.CarsGuideHomePageActions.<init>(CarsGuideHomePageActions.java:15)
at pages.actions.CarsGuideHomePageActions.<init>(CarsGuideHomePageActions.java:15)
at pages.actions.CarsGuideHomePageActions.<init>(CarsGuideHomePageActions.java:15)
at pages.actions.CarsGuideHomePageActions.<init>(CarsGuideHomePageActions.java:15)
at pages.actions.CarsGuideHomePageActions.<init>(CarsGuideHomePageActions.java:15)
at pages.actions.CarsGuideHomePageActions.<init>(CarsGuideHomePageActions.java:15)
at pages.actions.CarsGuideHomePageActions.<init>(CarsGuideHomePageActions.java:15)
at pages.actions.CarsGuideHomePageActions.<init>(CarsGuideHomePageActions.java:15)
at pages.actions.CarsGuideHomePageActions.<init>(CarsGuideHomePageActions.java:15)
at pages.actions.CarsGuideHomePageActions.<init>(CarsGuideHomePageActions.java:15)
at pages.actions.CarsGuideHomePageActions.<init>(CarsGuideHomePageActions.java:15)
at pages.actions.CarsGuideHomePageActions.<init>(CarsGuideHomePageActions.java:15)
at pages.actions.CarsGuideHomePageActions.<init>(CarsGuideHomePageActions.java:15)
at pages.actions.CarsGuideHomePageActions.<init>(CarsGuideHomePageActions.java:15)
at pages.actions.CarsGuideHomePageActions.<init>(CarsGuideHomePageActions.java:15)
at pages.actions.CarsGuideHomePageActions.<init>(CarsGuideHomePageActions.java:15)
at pages.actions.CarsGuideHomePageActions.<init>(CarsGuideHomePageActions.java:15)
at pages.actions.CarsGuideHomePageActions.<init>(CarsGuideHomePageActions.java:15)
at pages.actions.CarsGuideHomePageActions.<init>(CarsGuideHomePageActions.java:15)
at pages.actions.CarsGuideHomePageActions.<init>(CarsGuideHomePageActions.java:15)
at pages.actions.CarsGuideHomePageActions.<init>(CarsGuideHomePageActions.java:15)
at pages.actions.CarsGuideHomePageActions.<init>(CarsGuideHomePageActions.java:15)
at pages.actions.CarsGuideHomePageActions.<init>(CarsGuideHomePageActions.java:15)
at pages.actions.CarsGuideHomePageActions.<init>(CarsGuideHomePageActions.java:15)
at pages.actions.CarsGuideHomePageActions.<init>(CarsGuideHomePageActions.java:15)
at pages.actions.CarsGuideHomePageActions.<init>(CarsGuideHomePageActions.java:15)
at pages.actions.CarsGuideHomePageActions.<init>(CarsGuideHomePageActions.java:15)
at pages.actions.CarsGuideHomePageActions.<init>(CarsGuideHomePageActions.java:15)
at pages.actions.CarsGuideHomePageActions.<init>(CarsGuideHomePageActions.java:15)
at pages.actions.CarsGuideHomePageActions.<init>(CarsGuideHomePageActions.java:15)
at pages.actions.CarsGuideHomePageActions.<init>(CarsGuideHomePageActions.java:15)
at pages.actions.CarsGuideHomePageActions.<init>(CarsGuideHomePageActions.java:15)
at pages.actions.CarsGuideHomePageActions.<init>(CarsGuideHomePageActions.java:15)
at pages.actions.CarsGuideHomePageActions.<init>(CarsGuideHomePageActions.java:15)
at pages.actions.CarsGuideHomePageActions.<init>(CarsGuideHomePageActions.java:15)
at pages.actions.CarsGuideHomePageActions.<init>(CarsGuideHomePageActions.java:15)
at pages.actions.CarsGuideHomePageActions.<init>(CarsGuideHomePageActions.java:15)
at pages.actions.CarsGuideHomePageActions.<init>(CarsGuideHomePageActions.java:15)
at pages.actions.CarsGuideHomePageActions.<init>(CarsGuideHomePageActions.java:15)
at pages.actions.CarsGuideHomePageActions.<init>(CarsGuideHomePageActions.java:15)
at pages.actions.CarsGuideHomePageActions.<init>(CarsGuideHomePageActions.java:15)
at pages.actions.CarsGuideHomePageActions.<init>(CarsGuideHomePageActions.java:15)
at pages.actions.CarsGuideHomePageActions.<init>(CarsGuideHomePageActions.java:15)
at pages.actions.CarsGuideHomePageActions.<init>(CarsGuideHomePageActions.java:15)
at pages.actions.CarsGuideHomePageActions.<init>(CarsGuideHomePageActions.java:15)
at pages.actions.CarsGuideHomePageActions.<init>(CarsGuideHomePageActions.java:15)
at pages.actions.CarsGuideHomePageActions.<init>(CarsGuideHomePageActions.java:15)
at pages.actions.CarsGuideHomePageActions.<init>(CarsGuideHomePageActions.java:15)
at pages.actions.CarsGuideHomePageActions.<init>(CarsGuideHomePageActions.java:15)
at pages.actions.CarsGuideHomePageActions.<init>(CarsGuideHomePageActions.java:15)
at pages.actions.CarsGuideHomePageActions.<init>(CarsGuideHomePageActions.java:15)
at pages.actions.CarsGuideHomePageActions.<init>(CarsGuideHomePageActions.java:15)
at pages.actions.CarsGuideHomePageActions.<init>(CarsGuideHomePageActions.java:15)
at pages.actions.CarsGuideHomePageActions.<init>(CarsGuideHomePageActions.java:15)
at pages.actions.CarsGuideHomePageActions.<init>(CarsGuideHomePageActions.java:15)
at pages.actions.CarsGuideHomePageActions.<init>(CarsGuideHomePageActions.java:15)
at pages.actions.CarsGuideHomePageActions.<init>(CarsGuideHomePageActions.java:15)
at pages.actions.CarsGuideHomePageActions.<init>(CarsGuideHomePageActions.java:15)
at pages.actions.CarsGuideHomePageActions.<init>(CarsGuideHomePageActions.java:15)
at pages.actions.CarsGuideHomePageActions.<init>(CarsGuideHomePageActions.java:15)
at pages.actions.CarsGuideHomePageActions.<init>(CarsGuideHomePageActions.java:15)
at pages.actions.CarsGuideHomePageActions.<init>(CarsGuideHomePageActions.java:15)
at pages.actions.CarsGuideHomePageActions.<init>(CarsGuideHomePageActions.java:15)
at pages.actions.CarsGuideHomePageActions.<init>(CarsGuideHomePageActions.java:15)
at pages.actions.CarsGuideHomePageActions.<init>(CarsGuideHomePageActions.java:15)
at pages.actions.CarsGuideHomePageActions.<init>(CarsGuideHomePageActions.java:15)
at pages.actions.CarsGuideHomePageActions.<init>(CarsGuideHomePageActions.java:15)
at pages.actions.CarsGuideHomePageActions.<init>(CarsGuideHomePageActions.java:15)
at pages.actions.CarsGuideHomePageActions.<init>(CarsGuideHomePageActions.java:15)
at pages.actions.CarsGuideHomePageActions.<init>(CarsGuideHomePageActions.java:15)
at pages.actions.CarsGuideHomePageActions.<init>(CarsGuideHomePageActions.java:15)
at pages.actions.CarsGuideHomePageActions.<init>(CarsGuideHomePageActions.java:15)
at pages.actions.CarsGuideHomePageActions.<init>(CarsGuideHomePageActions.java:15)
at pages.actions.CarsGuideHomePageActions.<init>(CarsGuideHomePageActions.java:15)
at pages.actions.CarsGuideHomePageActions.<init>(CarsGuideHomePageActions.java:15)
at pages.actions.CarsGuideHomePageActions.<init>(CarsGuideHomePageActions.java:15)
at pages.actions.CarsGuideHomePageActions.<init>(CarsGuideHomePageActions.java:15)
at pages.actions.CarsGuideHomePageActions.<init>(CarsGuideHomePageActions.java:15)
at pages.actions.CarsGuideHomePageActions.<init>(CarsGuideHomePageActions.java:15)
at pages.actions.CarsGuideHomePageActions.<init>(CarsGuideHomePageActions.java:15)
at pages.actions.CarsGuideHomePageActions.<init>(CarsGuideHomePageActions.java:15)
at pages.actions.CarsGuideHomePageActions.<init>(CarsGuideHomePageActions.java:15)
at pages.actions.CarsGuideHomePageActions.<init>(CarsGuideHomePageActions.java:15)
at pages.actions.CarsGuideHomePageActions.<init>(CarsGuideHomePageActions.java:15)
at pages.actions.CarsGuideHomePageActions.<init>(CarsGuideHomePageActions.java:15)
at pages.actions.CarsGuideHomePageActions.<init>(CarsGuideHomePageActions.java:15)
at pages.actions.CarsGuideHomePageActions.<init>(CarsGuideHomePageActions.java:15)
at pages.actions.CarsGuideHomePageActions.<init>(CarsGuideHomePageActions.java:15)
at pages.actions.CarsGuideHomePageActions.<init>(CarsGuideHomePageActions.java:15)
at pages.actions.CarsGuideHomePageActions.<init>(CarsGuideHomePageActions.java:15)
at pages.actions.CarsGuideHomePageActions.<init>(CarsGuideHomePageActions.java:15)
at pages.actions.CarsGuideHomePageActions.<init>(CarsGuideHomePageActions.java:15)
at pages.actions.CarsGuideHomePageActions.<init>(CarsGuideHomePageActions.java:15)
at pages.actions.CarsGuideHomePageActions.<init>(CarsGuideHomePageActions.java:15)
at pages.actions.CarsGuideHomePageActions.<init>(CarsGuideHomePageActions.java:15)
at pages.actions.CarsGuideHomePageActions.<init>(CarsGuideHomePageActions.java:15)
at pages.actions.CarsGuideHomePageActions.<init>(CarsGuideHomePageActions.java:15)
at pages.actions.CarsGuideHomePageActions.<init>(CarsGuideHomePageActions.java:15)
at pages.actions.CarsGuideHomePageActions.<init>(CarsGuideHomePageActions.java:15)
at pages.actions.CarsGuideHomePageActions.<init>(CarsGuideHomePageActions.java:15)
at pages.actions.CarsGuideHomePageActions.<init>(CarsGuideHomePageActions.java:15)
at pages.actions.CarsGuideHomePageActions.<init>(CarsGuideHomePageActions.java:15)
at pages.actions.CarsGuideHomePageActions.<init>(CarsGuideHomePageActions.java:15)
at pages.actions.CarsGuideHomePageActions.<init>(CarsGuideHomePageActions.java:15)
at pages.actions.CarsGuideHomePageActions.<init>(CarsGuideHomePageActions.java:15)
at pages.actions.CarsGuideHomePageActions.<init>(CarsGuideHomePageActions.java:15)
at pages.actions.CarsGuideHomePageActions.<init>(CarsGuideHomePageActions.java:15)
at pages.actions.CarsGuideHomePageActions.<init>(CarsGuideHomePageActions.java:15)
at pages.actions.CarsGuideHomePageActions.<init>(CarsGuideHomePageActions.java:15)
at pages.actions.CarsGuideHomePageActions.<init>(CarsGuideHomePageActions.java:15)
at pages.actions.CarsGuideHomePageActions.<init>(CarsGuideHomePageActions.java:15)
at pages.actions.CarsGuideHomePageActions.<init>(CarsGuideHomePageActions.java:15)
at pages.actions.CarsGuideHomePageActions.<init>(CarsGuideHomePageActions.java:15)
at pages.actions.CarsGuideHomePageActions.<init>(CarsGuideHomePageActions.java:15)
at pages.actions.CarsGuideHomePageActions.<init>(CarsGuideHomePageActions.java:15)
at pages.actions.CarsGuideHomePageActions.<init>(CarsGuideHomePageActions.java:15)
at pages.actions.CarsGuideHomePageActions.<init>(CarsGuideHomePageActions.java:15)
at pages.actions.CarsGuideHomePageActions.<init>(CarsGuideHomePageActions.java:15)
at pages.actions.CarsGuideHomePageActions.<init>(CarsGuideHomePageActions.java:15)
at pages.actions.CarsGuideHomePageActions.<init>(CarsGuideHomePageActions.java:15)
at pages.actions.CarsGuideHomePageActions.<init>(CarsGuideHomePageActions.java:15)
at pages.actions.CarsGuideHomePageActions.<init>(CarsGuideHomePageActions.java:15)
at pages.actions.CarsGuideHomePageActions.<init>(CarsGuideHomePageActions.java:15)
at pages.actions.CarsGuideHomePageActions.<init>(CarsGuideHomePageActions.java:15)
at pages.actions.CarsGuideHomePageActions.<init>(CarsGuideHomePageActions.java:15)
at pages.actions.CarsGuideHomePageActions.<init>(CarsGuideHomePageActions.java:15)
at pages.actions.CarsGuideHomePageActions.<init>(CarsGuideHomePageActions.java:15)
at pages.actions.CarsGuideHomePageActions.<init>(CarsGuideHomePageActions.java:15)
at pages.actions.CarsGuideHomePageActions.<init>(CarsGuideHomePageActions.java:15)
at pages.actions.CarsGuideHomePageActions.<init>(CarsGuideHomePageActions.java:15)
at pages.actions.CarsGuideHomePageActions.<init>(CarsGuideHomePageActions.java:15)
at pages.actions.CarsGuideHomePageActions.<init>(CarsGuideHomePageActions.java:15)
at pages.actions.CarsGuideHomePageActions.<init>(CarsGuideHomePageActions.java:15)
at pages.actions.CarsGuideHomePageActions.<init>(CarsGuideHomePageActions.java:15)
at pages.actions.CarsGuideHomePageActions.<init>(CarsGuideHomePageActions.java:15)
at pages.actions.CarsGuideHomePageActions.<init>(CarsGuideHomePageActions.java:15)
at pages.actions.CarsGuideHomePageActions.<init>(CarsGuideHomePageActions.java:15)
at pages.actions.CarsGuideHomePageActions.<init>(CarsGuideHomePageActions.java:15)
at pages.actions.CarsGuideHomePageActions.<init>(CarsGuideHomePageActions.java:15)
at pages.actions.CarsGuideHomePageActions.<init>(CarsGuideHomePageActions.java:15)
at pages.actions.CarsGuideHomePageActions.<init>(CarsGuideHomePageActions.java:15)
at pages.actions.CarsGuideHomePageActions.<init>(CarsGuideHomePageActions.java:15)
at pages.actions.CarsGuideHomePageActions.<init>(CarsGuideHomePageActions.java:15)
at pages.actions.CarsGuideHomePageActions.<init>(CarsGuideHomePageActions.java:15)
at pages.actions.CarsGuideHomePageActions.<init>(CarsGuideHomePageActions.java:15)
at pages.actions.CarsGuideHomePageActions.<init>(CarsGuideHomePageActions.java:15)
at pages.actions.CarsGuideHomePageActions.<init>(CarsGuideHomePageActions.java:15)
at pages.actions.CarsGuideHomePageActions.<init>(CarsGuideHomePageActions.java:15)
at pages.actions.CarsGuideHomePageActions.<init>(CarsGuideHomePageActions.java:15)
at pages.actions.CarsGuideHomePageActions.<init>(CarsGuideHomePageActions.java:15)
at pages.actions.CarsGuideHomePageActions.<init>(CarsGuideHomePageActions.java:15)
at pages.actions.CarsGuideHomePageActions.<init>(CarsGuideHomePageActions.java:15)
at pages.actions.CarsGuideHomePageActions.<init>(CarsGuideHomePageActions.java:15)
at pages.actions.CarsGuideHomePageActions.<init>(CarsGuideHomePageActions.java:15)
at pages.actions.CarsGuideHomePageActions.<init>(CarsGuideHomePageActions.java:15)
at pages.actions.CarsGuideHomePageActions.<init>(CarsGuideHomePageActions.java:15)
at pages.actions.CarsGuideHomePageActions.<init>(CarsGuideHomePageActions.java:15)
at pages.actions.CarsGuideHomePageActions.<init>(CarsGuideHomePageActions.java:15)
at pages.actions.CarsGuideHomePageActions.<init>(CarsGuideHomePageActions.java:15)
at pages.actions.CarsGuideHomePageActions.<init>(CarsGuideHomePageActions.java:15)
at pages.actions.CarsGuideHomePageActions.<init>(CarsGuideHomePageActions.java:15)
at pages.actions.CarsGuideHomePageActions.<init>(CarsGuideHomePageActions.java:15)
at pages.actions.CarsGuideHomePageActions.<init>(CarsGuideHomePageActions.java:15)
at pages.actions.CarsGuideHomePageActions.<init>(CarsGuideHomePageActions.java:15)
at pages.actions.CarsGuideHomePageActions.<init>(CarsGuideHomePageActions.java:15)
at pages.actions.CarsGuideHomePageActions.<init>(CarsGuideHomePageActions.java:15)
at pages.actions.CarsGuideHomePageActions.<init>(CarsGuideHomePageActions.java:15)
at pages.actions.CarsGuideHomePageActions.<init>(CarsGuideHomePageActions.java:15)
at pages.actions.CarsGuideHomePageActions.<init>(CarsGuideHomePageActions.java:15)
at pages.actions.CarsGuideHomePageActions.<init>(CarsGuideHomePageActions.java:15)
at pages.actions.CarsGuideHomePageActions.<init>(CarsGuideHomePageActions.java:15)
at pages.actions.CarsGuideHomePageActions.<init>(CarsGuideHomePageActions.java:15)
at pages.actions.CarsGuideHomePageActions.<init>(CarsGuideHomePageActions.java:15)
at pages.actions.CarsGuideHomePageActions.<init>(CarsGuideHomePageActions.java:15)
at pages.actions.CarsGuideHomePageActions.<init>(CarsGuideHomePageActions.java:15)
at pages.actions.CarsGuideHomePageActions.<init>(CarsGuideHomePageActions.java:15)
at pages.actions.CarsGuideHomePageActions.<init>(CarsGuideHomePageActions.java:15)
at pages.actions.CarsGuideHomePageActions.<init>(CarsGuideHomePageActions.java:15)
at pages.actions.CarsGuideHomePageActions.<init>(CarsGuideHomePageActions.java:15)
at pages.actions.CarsGuideHomePageActions.<init>(CarsGuideHomePageActions.java:15)
at pages.actions.CarsGuideHomePageActions.<init>(CarsGuideHomePageActions.java:15)
at pages.actions.CarsGuideHomePageActions.<init>(CarsGuideHomePageActions.java:15)
at pages.actions.CarsGuideHomePageActions.<init>(CarsGuideHomePageActions.java:15)
at pages.actions.CarsGuideHomePageActions.<init>(CarsGuideHomePageActions.java:15)
at pages.actions.CarsGuideHomePageActions.<init>(CarsGuideHomePageActions.java:15)
at pages.actions.CarsGuideHomePageActions.<init>(CarsGuideHomePageActions.java:15)
at pages.actions.CarsGuideHomePageActions.<init>(CarsGuideHomePageActions.java:15)
at pages.actions.CarsGuideHomePageActions.<init>(CarsGuideHomePageActions.java:15)
at pages.actions.CarsGuideHomePageActions.<init>(CarsGuideHomePageActions.java:15)
at pages.actions.CarsGuideHomePageActions.<init>(CarsGuideHomePageActions.java:15)
at pages.actions.CarsGuideHomePageActions.<init>(CarsGuideHomePageActions.java:15)
at pages.actions.CarsGuideHomePageActions.<init>(CarsGuideHomePageActions.java:15)
at pages.actions.CarsGuideHomePageActions.<init>(CarsGuideHomePageActions.java:15)
at pages.actions.CarsGuideHomePageActions.<init>(CarsGuideHomePageActions.java:15)
at pages.actions.CarsGuideHomePageActions.<init>(CarsGuideHomePageActions.java:15)
at pages.actions.CarsGuideHomePageActions.<init>(CarsGuideHomePageActions.java:15)
at pages.actions.CarsGuideHomePageActions.<init>(CarsGuideHomePageActions.java:15)
at pages.actions.CarsGuideHomePageActions.<init>(CarsGuideHomePageActions.java:15)
at pages.actions.CarsGuideHomePageActions.<init>(CarsGuideHomePageActions.java:15)
at pages.actions.CarsGuideHomePageActions.<init>(CarsGuideHomePageActions.java:15)
at pages.actions.CarsGuideHomePageActions.<init>(CarsGuideHomePageActions.java:15)
at pages.actions.CarsGuideHomePageActions.<init>(CarsGuideHomePageActions.java:15)
at pages.actions.CarsGuideHomePageActions.<init>(CarsGuideHomePageActions.java:15)
at pages.actions.CarsGuideHomePageActions.<init>(CarsGuideHomePageActions.java:15)
at pages.actions.CarsGuideHomePageActions.<init>(CarsGuideHomePageActions.java:15)
at pages.actions.CarsGuideHomePageActions.<init>(CarsGuideHomePageActions.java:15)
at pages.actions.CarsGuideHomePageActions.<init>(CarsGuideHomePageActions.java:15)
at pages.actions.CarsGuideHomePageActions.<init>(CarsGuideHomePageActions.java:15)
at pages.actions.CarsGuideHomePageActions.<init>(CarsGuideHomePageActions.java:15)
at pages.actions.CarsGuideHomePageActions.<init>(CarsGuideHomePageActions.java:15)
at pages.actions.CarsGuideHomePageActions.<init>(CarsGuideHomePageActions.java:15)
at pages.actions.CarsGuideHomePageActions.<init>(CarsGuideHomePageActions.java:15)
at pages.actions.CarsGuideHomePageActions.<init>(CarsGuideHomePageActions.java:15)
at pages.actions.CarsGuideHomePageActions.<init>(CarsGuideHomePageActions.java:15)
at pages.actions.CarsGuideHomePageActions.<init>(CarsGuideHomePageActions.java:15)
at pages.actions.CarsGuideHomePageActions.<init>(CarsGuideHomePageActions.java:15)
at pages.actions.CarsGuideHomePageActions.<init>(CarsGuideHomePageActions.java:15)
at pages.actions.CarsGuideHomePageActions.<init>(CarsGuideHomePageActions.java:15)
at pages.actions.CarsGuideHomePageActions.<init>(CarsGuideHomePageActions.java:15)
at pages.actions.CarsGuideHomePageActions.<init>(CarsGuideHomePageActions.java:15)
at pages.actions.CarsGuideHomePageActions.<init>(CarsGuideHomePageActions.java:15)
at pages.actions.CarsGuideHomePageActions.<init>(CarsGuideHomePageActions.java:15)
at pages.actions.CarsGuideHomePageActions.<init>(CarsGuideHomePageActions.java:15)
at pages.actions.CarsGuideHomePageActions.<init>(CarsGuideHomePageActions.java:15)
at pages.actions.CarsGuideHomePageActions.<init>(CarsGuideHomePageActions.java:15)
at pages.actions.CarsGuideHomePageActions.<init>(CarsGuideHomePageActions.java:15)
at pages.actions.CarsGuideHomePageActions.<init>(CarsGuideHomePageActions.java:15)
at pages.actions.CarsGuideHomePageActions.<init>(CarsGuideHomePageActions.java:15)
at pages.actions.CarsGuideHomePageActions.<init>(CarsGuideHomePageActions.java:15)
at pages.actions.CarsGuideHomePageActions.<init>(CarsGuideHomePageActions.java:15)
at pages.actions.CarsGuideHomePageActions.<init>(CarsGuideHomePageActions.java:15)
at pages.actions.CarsGuideHomePageActions.<init>(CarsGuideHomePageActions.java:15)
at pages.actions.CarsGuideHomePageActions.<init>(CarsGuideHomePageActions.java:15)
at pages.actions.CarsGuideHomePageActions.<init>(CarsGuideHomePageActions.java:15)
at pages.actions.CarsGuideHomePageActions.<init>(CarsGuideHomePageActions.java:15)
at pages.actions.CarsGuideHomePageActions.<init>(CarsGuideHomePageActions.java:15)
at pages.actions.CarsGuideHomePageActions.<init>(CarsGuideHomePageActions.java:15)
at pages.actions.CarsGuideHomePageActions.<init>(CarsGuideHomePageActions.java:15)
at pages.actions.CarsGuideHomePageActions.<init>(CarsGuideHomePageActions.java:15)
at pages.actions.CarsGuideHomePageActions.<init>(CarsGuideHomePageActions.java:15)
at pages.actions.CarsGuideHomePageActions.<init>(CarsGuideHomePageActions.java:15)
at pages.actions.CarsGuideHomePageActions.<init>(CarsGuideHomePageActions.java:15)
at pages.actions.CarsGuideHomePageActions.<init>(CarsGuideHomePageActions.java:15)
at pages.actions.CarsGuideHomePageActions.<init>(CarsGuideHomePageActions.java:15)
at pages.actions.CarsGuideHomePageActions.<init>(CarsGuideHomePageActions.java:15)
at pages.actions.CarsGuideHomePageActions.<init>(CarsGuideHomePageActions.java:15)
at pages.actions.CarsGuideHomePageActions.<init>(CarsGuideHomePageActions.java:15)
at pages.actions.CarsGuideHomePageActions.<init>(CarsGuideHomePageActions.java:15)
at pages.actions.CarsGuideHomePageActions.<init>(CarsGuideHomePageActions.java:15)
at pages.actions.CarsGuideHomePageActions.<init>(CarsGuideHomePageActions.java:15)
at pages.actions.CarsGuideHomePageActions.<init>(CarsGuideHomePageActions.java:15)
at pages.actions.CarsGuideHomePageActions.<init>(CarsGuideHomePageActions.java:15)
at pages.actions.CarsGuideHomePageActions.<init>(CarsGuideHomePageActions.java:15)
at pages.actions.CarsGuideHomePageActions.<init>(CarsGuideHomePageActions.java:15)
at pages.actions.CarsGuideHomePageActions.<init>(CarsGuideHomePageActions.java:15)
at pages.actions.CarsGuideHomePageActions.<init>(CarsGuideHomePageActions.java:15)
at pages.actions.CarsGuideHomePageActions.<init>(CarsGuideHomePageActions.java:15)
at pages.actions.CarsGuideHomePageActions.<init>(CarsGuideHomePageActions.java:15)
at pages.actions.CarsGuideHomePageActions.<init>(CarsGuideHomePageActions.java:15)
at pages.actions.CarsGuideHomePageActions.<init>(CarsGuideHomePageActions.java:15)
at pages.actions.CarsGuideHomePageActions.<init>(CarsGuideHomePageActions.java:15)
at pages.actions.CarsGuideHomePageActions.<init>(CarsGuideHomePageActions.java:15)
at pages.actions.CarsGuideHomePageActions.<init>(CarsGuideHomePageActions.java:15)
at pages.actions.CarsGuideHomePageActions.<init>(CarsGuideHomePageActions.java:15)
at pages.actions.CarsGuideHomePageActions.<init>(CarsGuideHomePageActions.java:15)
at pages.actions.CarsGuideHomePageActions.<init>(CarsGuideHomePageActions.java:15)
at pages.actions.CarsGuideHomePageActions.<init>(CarsGuideHomePageActions.java:15)
at pages.actions.CarsGuideHomePageActions.<init>(CarsGuideHomePageActions.java:15)
at pages.actions.CarsGuideHomePageActions.<init>(CarsGuideHomePageActions.java:15)
at pages.actions.CarsGuideHomePageActions.<init>(CarsGuideHomePageActions.java:15)
at pages.actions.CarsGuideHomePageActions.<init>(CarsGuideHomePageActions.java:15)
at pages.actions.CarsGuideHomePageActions.<init>(CarsGuideHomePageActions.java:15)
at pages.actions.CarsGuideHomePageActions.<init>(CarsGuideHomePageActions.java:15)
at pages.actions.CarsGuideHomePageActions.<init>(CarsGuideHomePageActions.java:15)
at pages.actions.CarsGuideHomePageActions.<init>(CarsGuideHomePageActions.java:15)
at pages.actions.CarsGuideHomePageActions.<init>(CarsGuideHomePageActions.java:15)
at pages.actions.CarsGuideHomePageActions.<init>(CarsGuideHomePageActions.java:15)
at pages.actions.CarsGuideHomePageActions.<init>(CarsGuideHomePageActions.java:15)
at pages.actions.CarsGuideHomePageActions.<init>(CarsGuideHomePageActions.java:15)
at pages.actions.CarsGuideHomePageActions.<init>(CarsGuideHomePageActions.java:15)
at pages.actions.CarsGuideHomePageActions.<init>(CarsGuideHomePageActions.java:15)
at pages.actions.CarsGuideHomePageActions.<init>(CarsGuideHomePageActions.java:15)
at pages.actions.CarsGuideHomePageActions.<init>(CarsGuideHomePageActions.java:15)
at pages.actions.CarsGuideHomePageActions.<init>(CarsGuideHomePageActions.java:15)
at pages.actions.CarsGuideHomePageActions.<init>(CarsGuideHomePageActions.java:15)
at pages.actions.CarsGuideHomePageActions.<init>(CarsGuideHomePageActions.java:15)
at pages.actions.CarsGuideHomePageActions.<init>(CarsGuideHomePageActions.java:15)
at pages.actions.CarsGuideHomePageActions.<init>(CarsGuideHomePageActions.java:15)
at pages.actions.CarsGuideHomePageActions.<init>(CarsGuideHomePageActions.java:15)
at pages.actions.CarsGuideHomePageActions.<init>(CarsGuideHomePageActions.java:15)
at pages.actions.CarsGuideHomePageActions.<init>(CarsGuideHomePageActions.java:15)
at pages.actions.CarsGuideHomePageActions.<init>(CarsGuideHomePageActions.java:15)
at pages.actions.CarsGuideHomePageActions.<init>(CarsGuideHomePageActions.java:15)
at pages.actions.CarsGuideHomePageActions.<init>(CarsGuideHomePageActions.java:15)
at pages.actions.CarsGuideHomePageActions.<init>(CarsGuideHomePageActions.java:15)
at pages.actions.CarsGuideHomePageActions.<init>(CarsGuideHomePageActions.java:15)
at pages.actions.CarsGuideHomePageActions.<init>(CarsGuideHomePageActions.java:15)
at pages.actions.CarsGuideHomePageActions.<init>(CarsGuideHomePageActions.java:15)
at pages.actions.CarsGuideHomePageActions.<init>(CarsGuideHomePageActions.java:15)
at pages.actions.CarsGuideHomePageActions.<init>(CarsGuideHomePageActions.java:15)
at pages.actions.CarsGuideHomePageActions.<init>(CarsGuideHomePageActions.java:15)
at pages.actions.CarsGuideHomePageActions.<init>(CarsGuideHomePageActions.java:15)
at pages.actions.CarsGuideHomePageActions.<init>(CarsGuideHomePageActions.java:15)
at pages.actions.CarsGuideHomePageActions.<init>(CarsGuideHomePageActions.java:15)
at pages.actions.CarsGuideHomePageActions.<init>(CarsGuideHomePageActions.java:15)
at pages.actions.CarsGuideHomePageActions.<init>(CarsGuideHomePageActions.java:15)
at pages.actions.CarsGuideHomePageActions.<init>(CarsGuideHomePageActions.java:15)
at pages.actions.CarsGuideHomePageActions.<init>(CarsGuideHomePageActions.java:15)
at pages.actions.CarsGuideHomePageActions.<init>(CarsGuideHomePageActions.java:15)
at pages.actions.CarsGuideHomePageActions.<init>(CarsGuideHomePageActions.java:15)
at pages.actions.CarsGuideHomePageActions.<init>(CarsGuideHomePageActions.java:15)
at pages.actions.CarsGuideHomePageActions.<init>(CarsGuideHomePageActions.java:15)
at pages.actions.CarsGuideHomePageActions.<init>(CarsGuideHomePageActions.java:15)
at pages.actions.CarsGuideHomePageActions.<init>(CarsGuideHomePageActions.java:15)
at pages.actions.CarsGuideHomePageActions.<init>(CarsGuideHomePageActions.java:15)
at pages.actions.CarsGuideHomePageActions.<init>(CarsGuideHomePageActions.java:15)
at pages.actions.CarsGuideHomePageActions.<init>(CarsGuideHomePageActions.java:15)
at pages.actions.CarsGuideHomePageActions.<init>(CarsGuideHomePageActions.java:15)
at pages.actions.CarsGuideHomePageActions.<init>(CarsGuideHomePageActions.java:15)
at pages.actions.CarsGuideHomePageActions.<init>(CarsGuideHomePageActions.java:15)
at pages.actions.CarsGuideHomePageActions.<init>(CarsGuideHomePageActions.java:15)
at pages.actions.CarsGuideHomePageActions.<init>(CarsGuideHomePageActions.java:15)
at pages.actions.CarsGuideHomePageActions.<init>(CarsGuideHomePageActions.java:15)
at pages.actions.CarsGuideHomePageActions.<init>(CarsGuideHomePageActions.java:15)
at pages.actions.CarsGuideHomePageActions.<init>(CarsGuideHomePageActions.java:15)
at pages.actions.CarsGuideHomePageActions.<init>(CarsGuideHomePageActions.java:15)
at pages.actions.CarsGuideHomePageActions.<init>(CarsGuideHomePageActions.java:15)
at pages.actions.CarsGuideHomePageActions.<init>(CarsGuideHomePageActions.java:15)
at pages.actions.CarsGuideHomePageActions.<init>(CarsGuideHomePageActions.java:15)
at pages.actions.CarsGuideHomePageActions.<init>(CarsGuideHomePageActions.java:15)
at pages.actions.CarsGuideHomePageActions.<init>(CarsGuideHomePageActions.java:15)
at pages.actions.CarsGuideHomePageActions.<init>(CarsGuideHomePageActions.java:15)
at pages.actions.CarsGuideHomePageActions.<init>(CarsGuideHomePageActions.java:15)
at pages.actions.CarsGuideHomePageActions.<init>(CarsGuideHomePageActions.java:15)
at pages.actions.CarsGuideHomePageActions.<init>(CarsGuideHomePageActions.java:15)
at pages.actions.CarsGuideHomePageActions.<init>(CarsGuideHomePageActions.java:15)
at pages.actions.CarsGuideHomePageActions.<init>(CarsGuideHomePageActions.java:15)
at pages.actions.CarsGuideHomePageActions.<init>(CarsGuideHomePageActions.java:15)
at pages.actions.CarsGuideHomePageActions.<init>(CarsGuideHomePageActions.java:15)
at pages.actions.CarsGuideHomePageActions.<init>(CarsGuideHomePageActions.java:15)
at pages.actions.CarsGuideHomePageActions.<init>(CarsGuideHomePageActions.java:15)
at pages.actions.CarsGuideHomePageActions.<init>(CarsGuideHomePageActions.java:15)
at pages.actions.CarsGuideHomePageActions.<init>(CarsGuideHomePageActions.java:15)
at pages.actions.CarsGuideHomePageActions.<init>(CarsGuideHomePageActions.java:15)
at pages.actions.CarsGuideHomePageActions.<init>(CarsGuideHomePageActions.java:15)
at pages.actions.CarsGuideHomePageActions.<init>(CarsGuideHomePageActions.java:15)
at pages.actions.CarsGuideHomePageActions.<init>(CarsGuideHomePageActions.java:15)
at pages.actions.CarsGuideHomePageActions.<init>(CarsGuideHomePageActions.java:15)
at pages.actions.CarsGuideHomePageActions.<init>(CarsGuideHomePageActions.java:15)
at pages.actions.CarsGuideHomePageActions.<init>(CarsGuideHomePageActions.java:15)
at pages.actions.CarsGuideHomePageActions.<init>(CarsGuideHomePageActions.java:15)
at pages.actions.CarsGuideHomePageActions.<init>(CarsGuideHomePageActions.java:15)
at pages.actions.CarsGuideHomePageActions.<init>(CarsGuideHomePageActions.java:15)
at pages.actions.CarsGuideHomePageActions.<init>(CarsGuideHomePageActions.java:15)
at pages.actions.CarsGuideHomePageActions.<init>(CarsGuideHomePageActions.java:15)
at pages.actions.CarsGuideHomePageActions.<init>(CarsGuideHomePageActions.java:15)
at pages.actions.CarsGuideHomePageActions.<init>(CarsGuideHomePageActions.java:15)
at pages.actions.CarsGuideHomePageActions.<init>(CarsGuideHomePageActions.java:15)
at pages.actions.CarsGuideHomePageActions.<init>(CarsGuideHomePageActions.java:15)
at pages.actions.CarsGuideHomePageActions.<init>(CarsGuideHomePageActions.java:15)
at pages.actions.CarsGuideHomePageActions.<init>(CarsGuideHomePageActions.java:15)
at pages.actions.CarsGuideHomePageActions.<init>(CarsGuideHomePageActions.java:15)
at pages.actions.CarsGuideHomePageActions.<init>(CarsGuideHomePageActions.java:15)
at pages.actions.CarsGuideHomePageActions.<init>(CarsGuideHomePageActions.java:15)
at pages.actions.CarsGuideHomePageActions.<init>(CarsGuideHomePageActions.java:15)
at pages.actions.CarsGuideHomePageActions.<init>(CarsGuideHomePageActions.java:15)
at pages.actions.CarsGuideHomePageActions.<init>(CarsGuideHomePageActions.java:15)
at pages.actions.CarsGuideHomePageActions.<init>(CarsGuideHomePageActions.java:15)
at pages.actions.CarsGuideHomePageActions.<init>(CarsGuideHomePageActions.java:15)
at pages.actions.CarsGuideHomePageActions.<init>(CarsGuideHomePageActions.java:15)
at pages.actions.CarsGuideHomePageActions.<init>(CarsGuideHomePageActions.java:15)
at pages.actions.CarsGuideHomePageActions.<init>(CarsGuideHomePageActions.java:15)
at pages.actions.CarsGuideHomePageActions.<init>(CarsGuideHomePageActions.java:15)
at pages.actions.CarsGuideHomePageActions.<init>(CarsGuideHomePageActions.java:15)
at pages.actions.CarsGuideHomePageActions.<init>(CarsGuideHomePageActions.java:15)
at pages.actions.CarsGuideHomePageActions.<init>(CarsGuideHomePageActions.java:15)
at pages.actions.CarsGuideHomePageActions.<init>(CarsGuideHomePageActions.java:15)
at pages.actions.CarsGuideHomePageActions.<init>(CarsGuideHomePageActions.java:15)
at pages.actions.CarsGuideHomePageActions.<init>(CarsGuideHomePageActions.java:15)
at pages.actions.CarsGuideHomePageActions.<init>(CarsGuideHomePageActions.java:15)
at pages.actions.CarsGuideHomePageActions.<init>(CarsGuideHomePageActions.java:15)
at pages.actions.CarsGuideHomePageActions.<init>(CarsGuideHomePageActions.java:15)
at pages.actions.CarsGuideHomePageActions.<init>(CarsGuideHomePageActions.java:15)
at pages.actions.CarsGuideHomePageActions.<init>(CarsGuideHomePageActions.java:15)
at pages.actions.CarsGuideHomePageActions.<init>(CarsGuideHomePageActions.java:15)
at pages.actions.CarsGuideHomePageActions.<init>(CarsGuideHomePageActions.java:15)
at pages.actions.CarsGuideHomePageActions.<init>(CarsGuideHomePageActions.java:15)
at pages.actions.CarsGuideHomePageActions.<init>(CarsGuideHomePageActions.java:15)
at pages.actions.CarsGuideHomePageActions.<init>(CarsGuideHomePageActions.java:15)
at pages.actions.CarsGuideHomePageActions.<init>(CarsGuideHomePageActions.java:15)
at pages.actions.CarsGuideHomePageActions.<init>(CarsGuideHomePageActions.java:15)
at pages.actions.CarsGuideHomePageActions.<init>(CarsGuideHomePageActions.java:15)
at pages.actions.CarsGuideHomePageActions.<init>(CarsGuideHomePageActions.java:15)
at pages.actions.CarsGuideHomePageActions.<init>(CarsGuideHomePageActions.java:15)
at pages.actions.CarsGuideHomePageActions.<init>(CarsGuideHomePageActions.java:15)
at pages.actions.CarsGuideHomePageActions.<init>(CarsGuideHomePageActions.java:15)
at pages.actions.CarsGuideHomePageActions.<init>(CarsGuideHomePageActions.java:15)
at pages.actions.CarsGuideHomePageActions.<init>(CarsGuideHomePageActions.java:15)
at pages.actions.CarsGuideHomePageActions.<init>(CarsGuideHomePageActions.java:15)
at pages.actions.CarsGuideHomePageActions.<init>(CarsGuideHomePageActions.java:15)
at pages.actions.CarsGuideHomePageActions.<init>(CarsGuideHomePageActions.java:15)
at pages.actions.CarsGuideHomePageActions.<init>(CarsGuideHomePageActions.java:15)
at pages.actions.CarsGuideHomePageActions.<init>(CarsGuideHomePageActions.java:15)
at pages.actions.CarsGuideHomePageActions.<init>(CarsGuideHomePageActions.java:15)
at pages.actions.CarsGuideHomePageActions.<init>(CarsGuideHomePageActions.java:15)
at pages.actions.CarsGuideHomePageActions.<init>(CarsGuideHomePageActions.java:15)
at pages.actions.CarsGuideHomePageActions.<init>(CarsGuideHomePageActions.java:15)
at pages.actions.CarsGuideHomePageActions.<init>(CarsGuideHomePageActions.java:15)
at pages.actions.CarsGuideHomePageActions.<init>(CarsGuideHomePageActions.java:15)
at pages.actions.CarsGuideHomePageActions.<init>(CarsGuideHomePageActions.java:15)
at pages.actions.CarsGuideHomePageActions.<init>(CarsGuideHomePageActions.java:15)
at pages.actions.CarsGuideHomePageActions.<init>(CarsGuideHomePageActions.java:15)
at pages.actions.CarsGuideHomePageActions.<init>(CarsGuideHomePageActions.java:15)
at pages.actions.CarsGuideHomePageActions.<init>(CarsGuideHomePageActions.java:15)
at pages.actions.CarsGuideHomePageActions.<init>(CarsGuideHomePageActions.java:15)
at pages.actions.CarsGuideHomePageActions.<init>(CarsGuideHomePageActions.java:15)
at pages.actions.CarsGuideHomePageActions.<init>(CarsGuideHomePageActions.java:15)
at pages.actions.CarsGuideHomePageActions.<init>(CarsGuideHomePageActions.java:15)
at pages.actions.CarsGuideHomePageActions.<init>(CarsGuideHomePageActions.java:15)
at pages.actions.CarsGuideHomePageActions.<init>(CarsGuideHomePageActions.java:15)
at pages.actions.CarsGuideHomePageActions.<init>(CarsGuideHomePageActions.java:15)
at pages.actions.CarsGuideHomePageActions.<init>(CarsGuideHomePageActions.java:15)
at pages.actions.CarsGuideHomePageActions.<init>(CarsGuideHomePageActions.java:15)
at pages.actions.CarsGuideHomePageActions.<init>(CarsGuideHomePageActions.java:15)
at pages.actions.CarsGuideHomePageActions.<init>(CarsGuideHomePageActions.java:15)
at pages.actions.CarsGuideHomePageActions.<init>(CarsGuideHomePageActions.java:15)
at pages.actions.CarsGuideHomePageActions.<init>(CarsGuideHomePageActions.java:15)
at pages.actions.CarsGuideHomePageActions.<init>(CarsGuideHomePageActions.java:15)
at pages.actions.CarsGuideHomePageActions.<init>(CarsGuideHomePageActions.java:15)
at pages.actions.CarsGuideHomePageActions.<init>(CarsGuideHomePageActions.java:15)
at pages.actions.CarsGuideHomePageActions.<init>(CarsGuideHomePageActions.java:15)
at pages.actions.CarsGuideHomePageActions.<init>(CarsGuideHomePageActions.java:15)
at pages.actions.CarsGuideHomePageActions.<init>(CarsGuideHomePageActions.java:15)
at pages.actions.CarsGuideHomePageActions.<init>(CarsGuideHomePageActions.java:15)
at pages.actions.CarsGuideHomePageActions.<init>(CarsGuideHomePageActions.java:15)
at pages.actions.CarsGuideHomePageActions.<init>(CarsGuideHomePageActions.java:15)
at pages.actions.CarsGuideHomePageActions.<init>(CarsGuideHomePageActions.java:15)
at pages.actions.CarsGuideHomePageActions.<init>(CarsGuideHomePageActions.java:15)
at pages.actions.CarsGuideHomePageActions.<init>(CarsGuideHomePageActions.java:15)
at pages.actions.CarsGuideHomePageActions.<init>(CarsGuideHomePageActions.java:15)
at pages.actions.CarsGuideHomePageActions.<init>(CarsGuideHomePageActions.java:15)
at pages.actions.CarsGuideHomePageActions.<init>(CarsGuideHomePageActions.java:15)
at pages.actions.CarsGuideHomePageActions.<init>(CarsGuideHomePageActions.java:15)
at pages.actions.CarsGuideHomePageActions.<init>(CarsGuideHomePageActions.java:15)
at pages.actions.CarsGuideHomePageActions.<init>(CarsGuideHomePageActions.java:15)
at pages.actions.CarsGuideHomePageActions.<init>(CarsGuideHomePageActions.java:15)
at pages.actions.CarsGuideHomePageActions.<init>(CarsGuideHomePageActions.java:15)
at pages.actions.CarsGuideHomePageActions.<init>(CarsGuideHomePageActions.java:15)
at pages.actions.CarsGuideHomePageActions.<init>(CarsGuideHomePageActions.java:15)
at pages.actions.CarsGuideHomePageActions.<init>(CarsGuideHomePageActions.java:15)
at pages.actions.CarsGuideHomePageActions.<init>(CarsGuideHomePageActions.java:15)
at pages.actions.CarsGuideHomePageActions.<init>(CarsGuideHomePageActions.java:15)
at pages.actions.CarsGuideHomePageActions.<init>(CarsGuideHomePageActions.java:15)
at pages.actions.CarsGuideHomePageActions.<init>(CarsGuideHomePageActions.java:15)
at pages.actions.CarsGuideHomePageActions.<init>(CarsGuideHomePageActions.java:15)
at pages.actions.CarsGuideHomePageActions.<init>(CarsGuideHomePageActions.java:15)
at pages.actions.CarsGuideHomePageActions.<init>(CarsGuideHomePageActions.java:15)
at pages.actions.CarsGuideHomePageActions.<init>(CarsGuideHomePageActions.java:15)
at pages.actions.CarsGuideHomePageActions.<init>(CarsGuideHomePageActions.java:15)
at pages.actions.CarsGuideHomePageActions.<init>(CarsGuideHomePageActions.java:15)
at pages.actions.CarsGuideHomePageActions.<init>(CarsGuideHomePageActions.java:15)
at pages.actions.CarsGuideHomePageActions.<init>(CarsGuideHomePageActions.java:15)
at pages.actions.CarsGuideHomePageActions.<init>(CarsGuideHomePageActions.java:15)
at pages.actions.CarsGuideHomePageActions.<init>(CarsGuideHomePageActions.java:15)
at pages.actions.CarsGuideHomePageActions.<init>(CarsGuideHomePageActions.java:15)
at pages.actions.CarsGuideHomePageActions.<init>(CarsGuideHomePageActions.java:15)
at pages.actions.CarsGuideHomePageActions.<init>(CarsGuideHomePageActions.java:15)
at pages.actions.CarsGuideHomePageActions.<init>(CarsGuideHomePageActions.java:15)
at pages.actions.CarsGuideHomePageActions.<init>(CarsGuideHomePageActions.java:15)
at pages.actions.CarsGuideHomePageActions.<init>(CarsGuideHomePageActions.java:15)
at pages.actions.CarsGuideHomePageActions.<init>(CarsGuideHomePageActions.java:15)
at pages.actions.CarsGuideHomePageActions.<init>(CarsGuideHomePageActions.java:15)
at pages.actions.CarsGuideHomePageActions.<init>(CarsGuideHomePageActions.java:15)
at pages.actions.CarsGuideHomePageActions.<init>(CarsGuideHomePageActions.java:15)
at pages.actions.CarsGuideHomePageActions.<init>(CarsGuideHomePageActions.java:15)
at pages.actions.CarsGuideHomePageActions.<init>(CarsGuideHomePageActions.java:15)
at pages.actions.CarsGuideHomePageActions.<init>(CarsGuideHomePageActions.java:15)
at pages.actions.CarsGuideHomePageActions.<init>(CarsGuideHomePageActions.java:15)
at pages.actions.CarsGuideHomePageActions.<init>(CarsGuideHomePageActions.java:15)
at pages.actions.CarsGuideHomePageActions.<init>(CarsGuideHomePageActions.java:15)
at pages.actions.CarsGuideHomePageActions.<init>(CarsGuideHomePageActions.java:15)
at pages.actions.CarsGuideHomePageActions.<init>(CarsGuideHomePageActions.java:15)
at pages.actions.CarsGuideHomePageActions.<init>(CarsGuideHomePageActions.java:15)
at pages.actions.CarsGuideHomePageActions.<init>(CarsGuideHomePageActions.java:15)
at pages.actions.CarsGuideHomePageActions.<init>(CarsGuideHomePageActions.java:15)
at pages.actions.CarsGuideHomePageActions.<init>(CarsGuideHomePageActions.java:15)
at pages.actions.CarsGuideHomePageActions.<init>(CarsGuideHomePageActions.java:15)
at pages.actions.CarsGuideHomePageActions.<init>(CarsGuideHomePageActions.java:15)
at pages.actions.CarsGuideHomePageActions.<init>(CarsGuideHomePageActions.java:15)
at pages.actions.CarsGuideHomePageActions.<init>(CarsGuideHomePageActions.java:15)
at pages.actions.CarsGuideHomePageActions.<init>(CarsGuideHomePageActions.java:15)
at pages.actions.CarsGuideHomePageActions.<init>(CarsGuideHomePageActions.java:15)
at pages.actions.CarsGuideHomePageActions.<init>(CarsGuideHomePageActions.java:15)
at pages.actions.CarsGuideHomePageActions.<init>(CarsGuideHomePageActions.java:15)
at pages.actions.CarsGuideHomePageActions.<init>(CarsGuideHomePageActions.java:15)
at pages.actions.CarsGuideHomePageActions.<init>(CarsGuideHomePageActions.java:15)
at pages.actions.CarsGuideHomePageActions.<init>(CarsGuideHomePageActions.java:15)
at pages.actions.CarsGuideHomePageActions.<init>(CarsGuideHomePageActions.java:15)
at pages.actions.CarsGuideHomePageActions.<init>(CarsGuideHomePageActions.java:15)
at pages.actions.CarsGuideHomePageActions.<init>(CarsGuideHomePageActions.java:15)
at pages.actions.CarsGuideHomePageActions.<init>(CarsGuideHomePageActions.java:15)
at pages.actions.CarsGuideHomePageActions.<init>(CarsGuideHomePageActions.java:15)
at pages.actions.CarsGuideHomePageActions.<init>(CarsGuideHomePageActions.java:15)
at pages.actions.CarsGuideHomePageActions.<init>(CarsGuideHomePageActions.java:15)
at pages.actions.CarsGuideHomePageActions.<init>(CarsGuideHomePageActions.java:15)
at pages.actions.CarsGuideHomePageActions.<init>(CarsGuideHomePageActions.java:15)
at pages.actions.CarsGuideHomePageActions.<init>(CarsGuideHomePageActions.java:15)
at pages.actions.CarsGuideHomePageActions.<init>(CarsGuideHomePageActions.java:15)
at pages.actions.CarsGuideHomePageActions.<init>(CarsGuideHomePageActions.java:15)
at pages.actions.CarsGuideHomePageActions.<init>(CarsGuideHomePageActions.java:15)
at pages.actions.CarsGuideHomePageActions.<init>(CarsGuideHomePageActions.java:15)
at pages.actions.CarsGuideHomePageActions.<init>(CarsGuideHomePageActions.java:15)
at pages.actions.CarsGuideHomePageActions.<init>(CarsGuideHomePageActions.java:15)
at pages.actions.CarsGuideHomePageActions.<init>(CarsGuideHomePageActions.java:15)
at pages.actions.CarsGuideHomePageActions.<init>(CarsGuideHomePageActions.java:15)
at pages.actions.CarsGuideHomePageActions.<init>(CarsGuideHomePageActions.java:15)
at pages.actions.CarsGuideHomePageActions.<init>(CarsGuideHomePageActions.java:15)
at pages.actions.CarsGuideHomePageActions.<init>(CarsGuideHomePageActions.java:15)
at pages.actions.CarsGuideHomePageActions.<init>(CarsGuideHomePageActions.java:15)
at pages.actions.CarsGuideHomePageActions.<init>(CarsGuideHomePageActions.java:15)
at pages.actions.CarsGuideHomePageActions.<init>(CarsGuideHomePageActions.java:15)
at pages.actions.CarsGuideHomePageActions.<init>(CarsGuideHomePageActions.java:15)
at pages.actions.CarsGuideHomePageActions.<init>(CarsGuideHomePageActions.java:15)
at pages.actions.CarsGuideHomePageActions.<init>(CarsGuideHomePageActions.java:15)
at pages.actions.CarsGuideHomePageActions.<init>(CarsGuideHomePageActions.java:15)
at pages.actions.CarsGuideHomePageActions.<init>(CarsGuideHomePageActions.java:15)
at pages.actions.CarsGuideHomePageActions.<init>(CarsGuideHomePageActions.java:15)
at pages.actions.CarsGuideHomePageActions.<init>(CarsGuideHomePageActions.java:15)
at pages.actions.CarsGuideHomePageActions.<init>(CarsGuideHomePageActions.java:15)
at pages.actions.CarsGuideHomePageActions.<init>(CarsGuideHomePageActions.java:15)
at pages.actions.CarsGuideHomePageActions.<init>(CarsGuideHomePageActions.java:15)
at pages.actions.CarsGuideHomePageActions.<init>(CarsGuideHomePageActions.java:15)
at pages.actions.CarsGuideHomePageActions.<init>(CarsGuideHomePageActions.java:15)
at pages.actions.CarsGuideHomePageActions.<init>(CarsGuideHomePageActions.java:15)
at pages.actions.CarsGuideHomePageActions.<init>(CarsGuideHomePageActions.java:15)
at pages.actions.CarsGuideHomePageActions.<init>(CarsGuideHomePageActions.java:15)
at pages.actions.CarsGuideHomePageActions.<init>(CarsGuideHomePageActions.java:15)
at pages.actions.CarsGuideHomePageActions.<init>(CarsGuideHomePageActions.java:15)
at pages.actions.CarsGuideHomePageActions.<init>(CarsGuideHomePageActions.java:15)
at pages.actions.CarsGuideHomePageActions.<init>(CarsGuideHomePageActions.java:15)
at pages.actions.CarsGuideHomePageActions.<init>(CarsGuideHomePageActions.java:15)
at pages.actions.CarsGuideHomePageActions.<init>(CarsGuideHomePageActions.java:15)
at pages.actions.CarsGuideHomePageActions.<init>(CarsGuideHomePageActions.java:15)
at pages.actions.CarsGuideHomePageActions.<init>(CarsGuideHomePageActions.java:15)
at pages.actions.CarsGuideHomePageActions.<init>(CarsGuideHomePageActions.java:15)
at pages.actions.CarsGuideHomePageActions.<init>(CarsGuideHomePageActions.java:15)
at pages.actions.CarsGuideHomePageActions.<init>(CarsGuideHomePageActions.java:15)
at pages.actions.CarsGuideHomePageActions.<init>(CarsGuideHomePageActions.java:15)
at pages.actions.CarsGuideHomePageActions.<init>(CarsGuideHomePageActions.java:15)
at pages.actions.CarsGuideHomePageActions.<init>(CarsGuideHomePageActions.java:15)
at pages.actions.CarsGuideHomePageActions.<init>(CarsGuideHomePageActions.java:15)
at pages.actions.CarsGuideHomePageActions.<init>(CarsGuideHomePageActions.java:15)
at pages.actions.CarsGuideHomePageActions.<init>(CarsGuideHomePageActions.java:15)
at pages.actions.CarsGuideHomePageActions.<init>(CarsGuideHomePageActions.java:15)
at pages.actions.CarsGuideHomePageActions.<init>(CarsGuideHomePageActions.java:15)
at pages.actions.CarsGuideHomePageActions.<init>(CarsGuideHomePageActions.java:15)
at pages.actions.CarsGuideHomePageActions.<init>(CarsGuideHomePageActions.java:15)
at pages.actions.CarsGuideHomePageActions.<init>(CarsGuideHomePageActions.java:15)
at pages.actions.CarsGuideHomePageActions.<init>(CarsGuideHomePageActions.java:15)
at pages.actions.CarsGuideHomePageActions.<init>(CarsGuideHomePageActions.java:15)
at pages.actions.CarsGuideHomePageActions.<init>(CarsGuideHomePageActions.java:15)
at pages.actions.CarsGuideHomePageActions.<init>(CarsGuideHomePageActions.java:15)
at pages.actions.CarsGuideHomePageActions.<init>(CarsGuideHomePageActions.java:15)
at pages.actions.CarsGuideHomePageActions.<init>(CarsGuideHomePageActions.java:15)
at pages.actions.CarsGuideHomePageActions.<init>(CarsGuideHomePageActions.java:15)
at pages.actions.CarsGuideHomePageActions.<init>(CarsGuideHomePageActions.java:15)
at pages.actions.CarsGuideHomePageActions.<init>(CarsGuideHomePageActions.java:15)
at pages.actions.CarsGuideHomePageActions.<init>(CarsGuideHomePageActions.java:15)
at pages.actions.CarsGuideHomePageActions.<init>(CarsGuideHomePageActions.java:15)
at pages.actions.CarsGuideHomePageActions.<init>(CarsGuideHomePageActions.java:15)
at pages.actions.CarsGuideHomePageActions.<init>(CarsGuideHomePageActions.java:15)
at pages.actions.CarsGuideHomePageActions.<init>(CarsGuideHomePageActions.java:15)
at pages.actions.CarsGuideHomePageActions.<init>(CarsGuideHomePageActions.java:15)
at pages.actions.CarsGuideHomePageActions.<init>(CarsGuideHomePageActions.java:15)
at pages.actions.CarsGuideHomePageActions.<init>(CarsGuideHomePageActions.java:15)
at pages.actions.CarsGuideHomePageActions.<init>(CarsGuideHomePageActions.java:15)
at pages.actions.CarsGuideHomePageActions.<init>(CarsGuideHomePageActions.java:15)
at pages.actions.CarsGuideHomePageActions.<init>(CarsGuideHomePageActions.java:15)
at pages.actions.CarsGuideHomePageActions.<init>(CarsGuideHomePageActions.java:15)
at pages.actions.CarsGuideHomePageActions.<init>(CarsGuideHomePageActions.java:15)
at pages.actions.CarsGuideHomePageActions.<init>(CarsGuideHomePageActions.java:15)
at pages.actions.CarsGuideHomePageActions.<init>(CarsGuideHomePageActions.java:15)
at pages.actions.CarsGuideHomePageActions.<init>(CarsGuideHomePageActions.java:15)
at pages.actions.CarsGuideHomePageActions.<init>(CarsGuideHomePageActions.java:15)
at pages.actions.CarsGuideHomePageActions.<init>(CarsGuideHomePageActions.java:15)
at pages.actions.CarsGuideHomePageActions.<init>(CarsGuideHomePageActions.java:15)
at pages.actions.CarsGuideHomePageActions.<init>(CarsGuideHomePageActions.java:15)
at pages.actions.CarsGuideHomePageActions.<init>(CarsGuideHomePageActions.java:15)
at pages.actions.CarsGuideHomePageActions.<init>(CarsGuideHomePageActions.java:15)
at pages.actions.CarsGuideHomePageActions.<init>(CarsGuideHomePageActions.java:15)
at pages.actions.CarsGuideHomePageActions.<init>(CarsGuideHomePageActions.java:15)
at pages.actions.CarsGuideHomePageActions.<init>(CarsGuideHomePageActions.java:15)
at pages.actions.CarsGuideHomePageActions.<init>(CarsGuideHomePageActions.java:15)
at pages.actions.CarsGuideHomePageActions.<init>(CarsGuideHomePageActions.java:15)
at pages.actions.CarsGuideHomePageActions.<init>(CarsGuideHomePageActions.java:15)
at pages.actions.CarsGuideHomePageActions.<init>(CarsGuideHomePageActions.java:15)
at pages.actions.CarsGuideHomePageActions.<init>(CarsGuideHomePageActions.java:15)
at pages.actions.CarsGuideHomePageActions.<init>(CarsGuideHomePageActions.java:15)
at pages.actions.CarsGuideHomePageActions.<init>(CarsGuideHomePageActions.java:15)
at pages.actions.CarsGuideHomePageActions.<init>(CarsGuideHomePageActions.java:15)
at pages.actions.CarsGuideHomePageActions.<init>(CarsGuideHomePageActions.java:15)
at pages.actions.CarsGuideHomePageActions.<init>(CarsGuideHomePageActions.java:15)
at pages.actions.CarsGuideHomePageActions.<init>(CarsGuideHomePageActions.java:15)
at pages.actions.CarsGuideHomePageActions.<init>(CarsGuideHomePageActions.java:15)
at pages.actions.CarsGuideHomePageActions.<init>(CarsGuideHomePageActions.java:15)
at pages.actions.CarsGuideHomePageActions.<init>(CarsGuideHomePageActions.java:15)
at pages.actions.CarsGuideHomePageActions.<init>(CarsGuideHomePageActions.java:15)
at pages.actions.CarsGuideHomePageActions.<init>(CarsGuideHomePageActions.java:15)
at pages.actions.CarsGuideHomePageActions.<init>(CarsGuideHomePageActions.java:15)
at pages.actions.CarsGuideHomePageActions.<init>(CarsGuideHomePageActions.java:15)
at pages.actions.CarsGuideHomePageActions.<init>(CarsGuideHomePageActions.java:15)
at pages.actions.CarsGuideHomePageActions.<init>(CarsGuideHomePageActions.java:15)
at pages.actions.CarsGuideHomePageActions.<init>(CarsGuideHomePageActions.java:15)
at pages.actions.CarsGuideHomePageActions.<init>(CarsGuideHomePageActions.java:15)
at pages.actions.CarsGuideHomePageActions.<init>(CarsGuideHomePageActions.java:15)
at pages.actions.CarsGuideHomePageActions.<init>(CarsGuideHomePageActions.java:15)
at pages.actions.CarsGuideHomePageActions.<init>(CarsGuideHomePageActions.java:15)
at pages.actions.CarsGuideHomePageActions.<init>(CarsGuideHomePageActions.java:15)
at pages.actions.CarsGuideHomePageActions.<init>(CarsGuideHomePageActions.java:15)
at pages.actions.CarsGuideHomePageActions.<init>(CarsGuideHomePageActions.java:15)
at pages.actions.CarsGuideHomePageActions.<init>(CarsGuideHomePageActions.java:15)
at pages.actions.CarsGuideHomePageActions.<init>(CarsGuideHomePageActions.java:15)
at pages.actions.CarsGuideHomePageActions.<init>(CarsGuideHomePageActions.java:15)
at pages.actions.CarsGuideHomePageActions.<init>(CarsGuideHomePageActions.java:15)
at pages.actions.CarsGuideHomePageActions.<init>(CarsGuideHomePageActions.java:15)
at pages.actions.CarsGuideHomePageActions.<init>(CarsGuideHomePageActions.java:15)
at pages.actions.CarsGuideHomePageActions.<init>(CarsGuideHomePageActions.java:15)
at pages.actions.CarsGuideHomePageActions.<init>(CarsGuideHomePageActions.java:15)
at pages.actions.CarsGuideHomePageActions.<init>(CarsGuideHomePageActions.java:15)
at pages.actions.CarsGuideHomePageActions.<init>(CarsGuideHomePageActions.java:15)
at pages.actions.CarsGuideHomePageActions.<init>(CarsGuideHomePageActions.java:15)
at pages.actions.CarsGuideHomePageActions.<init>(CarsGuideHomePageActions.java:15)
at pages.actions.CarsGuideHomePageActions.<init>(CarsGuideHomePageActions.java:15)
at pages.actions.CarsGuideHomePageActions.<init>(CarsGuideHomePageActions.java:15)
at pages.actions.CarsGuideHomePageActions.<init>(CarsGuideHomePageActions.java:15)
at pages.actions.CarsGuideHomePageActions.<init>(CarsGuideHomePageActions.java:15)
at pages.actions.CarsGuideHomePageActions.<init>(CarsGuideHomePageActions.java:15)
at pages.actions.CarsGuideHomePageActions.<init>(CarsGuideHomePageActions.java:15)
at pages.actions.CarsGuideHomePageActions.<init>(CarsGuideHomePageActions.java:15)
at pages.actions.CarsGuideHomePageActions.<init>(CarsGuideHomePageActions.java:15)
at pages.actions.CarsGuideHomePageActions.<init>(CarsGuideHomePageActions.java:15)
at pages.actions.CarsGuideHomePageActions.<init>(CarsGuideHomePageActions.java:15)
at pages.actions.CarsGuideHomePageActions.<init>(CarsGuideHomePageActions.java:15)
at pages.actions.CarsGuideHomePageActions.<init>(CarsGuideHomePageActions.java:15)
at pages.actions.CarsGuideHomePageActions.<init>(CarsGuideHomePageActions.java:15)
at pages.actions.CarsGuideHomePageActions.<init>(CarsGuideHomePageActions.java:15)
at pages.actions.CarsGuideHomePageActions.<init>(CarsGuideHomePageActions.java:15)
at pages.actions.CarsGuideHomePageActions.<init>(CarsGuideHomePageActions.java:15)
at pages.actions.CarsGuideHomePageActions.<init>(CarsGuideHomePageActions.java:15)
at pages.actions.CarsGuideHomePageActions.<init>(CarsGuideHomePageActions.java:15)
at pages.actions.CarsGuideHomePageActions.<init>(CarsGuideHomePageActions.java:15)
at pages.actions.CarsGuideHomePageActions.<init>(CarsGuideHomePageActions.java:15)
at pages.actions.CarsGuideHomePageActions.<init>(CarsGuideHomePageActions.java:15)
at pages.actions.CarsGuideHomePageActions.<init>(CarsGuideHomePageActions.java:15)
at pages.actions.CarsGuideHomePageActions.<init>(CarsGuideHomePageActions.java:15)
at pages.actions.CarsGuideHomePageActions.<init>(CarsGuideHomePageActions.java:15)
at pages.actions.CarsGuideHomePageActions.<init>(CarsGuideHomePageActions.java:15)
at pages.actions.CarsGuideHomePageActions.<init>(CarsGuideHomePageActions.java:15)
at pages.actions.CarsGuideHomePageActions.<init>(CarsGuideHomePageActions.java:15)
at pages.actions.CarsGuideHomePageActions.<init>(CarsGuideHomePageActions.java:15)
at ✽.Given I am on the Home Page "https://www.carsguide.com.au" of CarsGuide Website(SearchCars.feature:9)
]]>
    </error>
  </testcase> <!-- feature -->
</testsuite> <!-- runners.PositiveTest -->
